sample.interval=20000
"getClassDef" "methods::is" "registerS3methods" "loadNamespace" "asNamespace" "namespaceImportFrom" "loadNamespace" "doTryCatch" "tryCatchOne" "tryCatchList" "tryCatch" "library" 
"system" "initFontMap" "fun" "doTryCatch" "tryCatchOne" "tryCatchList" "tryCatch" "runHook" "loadNamespace" "doTryCatch" "tryCatchOne" "tryCatchList" "tryCatch" "library" 
"readLines" "assign" "set" "initFontMap" "fun" "doTryCatch" "tryCatchOne" "tryCatchList" "tryCatch" "runHook" "loadNamespace" "doTryCatch" "tryCatchOne" "tryCatchList" "tryCatch" "library" 
"readLines" "assign" "set" "initFontMap" "fun" "doTryCatch" "tryCatchOne" "tryCatchList" "tryCatch" "runHook" "loadNamespace" "doTryCatch" "tryCatchOne" "tryCatchList" "tryCatch" "library" 
"readLines" "assign" "set" "initFontMap" "fun" "doTryCatch" "tryCatchOne" "tryCatchList" "tryCatch" "runHook" "loadNamespace" "doTryCatch" "tryCatchOne" "tryCatchList" "tryCatch" "library" 
"readLines" "assign" "set" "initFontMap" "fun" "doTryCatch" "tryCatchOne" "tryCatchList" "tryCatch" "runHook" "loadNamespace" "doTryCatch" "tryCatchOne" "tryCatchList" "tryCatch" "library" 
"make.codeBuf" "genCode" "cb$putconst" "cmpCallArgs" "cmpCallSymFun" "cmpCall" "cmp" "h" "tryInline" "cmpCall" "cmp" "h" "tryInline" "cmpCall" "cmp" "h" "tryInline" "cmpCall" "cmp" "h" "tryInline" "cmpCall" "cmp" "genCode" "cmpfun" "doTryCatch" "tryCatchOne" "tryCatchList" "tryCatch" "compiler:::tryCmpfun" "create_node" "xml_add_child.xml_document" "xml_add_child" "initFontConfig" "fun" "doTryCatch" "tryCatchOne" "tryCatchList" "tryCatch" "runHook" "loadNamespace" "doTryCatch" "tryCatchOne" "tryCatchList" "tryCatch" "library" 
"lapply" "unlist" "unique" "findLocalsList1" "FUN" "lapply" "unlist" "unique" "findLocalsList1" "unique" "FUN" "lapply" "unlist" "unique" "findLocalsList1" "FUN" "lapply" "unlist" "unique" "findLocalsList1" "findLocalsList" "funEnv" "make.functionContext" "cmpfun" "doTryCatch" "tryCatchOne" "tryCatchList" "tryCatch" "compiler:::tryCmpfun" "xml_attrs<-.xml_node" "xml_attrs<-" "create_node" "xml_add_child.xml_document" "xml_add_child" "initFontConfig" "fun" "doTryCatch" "tryCatchOne" "tryCatchList" "tryCatch" "runHook" "loadNamespace" "doTryCatch" "tryCatchOne" "tryCatchList" "tryCatch" "library" 
"unique" "setdiff" "xml_attrs<-.xml_node" "xml_attrs<-" "create_node" "xml_add_child.xml_document" "xml_add_child" "initFontConfig" "fun" "doTryCatch" "tryCatchOne" "tryCatchList" "tryCatch" "runHook" "loadNamespace" "doTryCatch" "tryCatchOne" "tryCatchList" "tryCatch" "library" 
"system" "latexGrob" "grid.draw" "grid.latex" 
"getInlineInfo" "isBaseVar" "FUN" "lapply" "unlist" "Filter" "findLocalsList" "funEnv" "make.functionContext" "cmpfun" "doTryCatch" "tryCatchOne" "tryCatchList" "tryCatch" "compiler:::tryCmpfun" "readMemBlock.integer3" "readMemBlock" "readBlock" "readMemBlock.markedBlock" "readMemBlock" "FUN" "lapply" "readFormat.connection" "readFormat" "readFormat.character" "readFormat" "readDVI" "latexGrob" "grid.draw" "grid.latex" 
"list" "checkConst" "constantFold" "constantFoldCall" "constantFold" "constantFoldCall" "constantFold" "cmp" "cmpBuiltinArgs" "h" "tryInline" "cmpCall" "cmp" "cmpBuiltinArgs" "h" "tryInline" "cmpCall" "cmp" "genCode" "cb$putconst" "cmpCallArgs" "cmpCallSymFun" "cmpCall" "cmp" "cmpComplexAssign" "h" "tryInline" "cmpCall" "cmp" "h" "tryInline" "cmpCall" "cmp" "h" "tryInline" "cmpCall" "cmp" "h" "tryInline" "cmpCall" "cmp" "genCode" "cmpfun" "doTryCatch" "tryCatchOne" "tryCatchList" "tryCatch" "compiler:::tryCmpfun" "readMemBlock.integer3" "readMemBlock" "readBlock" "readMemBlock.markedBlock" "readMemBlock" "FUN" "lapply" "readFormat.connection" "readFormat" "readFormat.character" "readFormat" "readDVI" "latexGrob" "grid.draw" "grid.latex" 
"options" "%in%" "getOption" "file" "readFormat.character" "readFormat" "readDVI" "latexGrob" "grid.draw" "grid.latex" 
"readBin" "readRawBlock" "eval" "eval" "with.default" "with" "readMemBlock.atomicBlock" "readMemBlock" "readBlock" "readMemBlock.markedBlock" "readMemBlock" "FUN" "lapply" "readFormat.connection" "readFormat" "readFormat.character" "readFormat" "readDVI" "latexGrob" "grid.draw" "grid.latex" 
"seek" "readBlock" "readMemBlock.markedBlock" "readMemBlock" "FUN" "lapply" "readFormat.connection" "readFormat" "readFormat.character" "readFormat" "readDVI" "latexGrob" "grid.draw" "grid.latex" 
"seek.connection" "seek" "readFormat.connection" "readFormat" "readFormat.character" "readFormat" "readDVI" "latexGrob" "grid.draw" "grid.latex" 
"seek" "readBlock" "readMemBlock.markedBlock" "readMemBlock" "FUN" "lapply" "readFormat.connection" "readFormat" "readFormat.character" "readFormat" "readDVI" "latexGrob" "grid.draw" "grid.latex" 
"is.na" "seek.connection" "seek" "readFormat.connection" "readFormat" "readFormat.character" "readFormat" "readDVI" "latexGrob" "grid.draw" "grid.latex" 
"$<-" "readFormat.connection" "readFormat" "readFormat.character" "readFormat" "readDVI" "latexGrob" "grid.draw" "grid.latex" 
"any" "readBin" "readRawBlock" "eval" "eval" "with.default" "with" "readMemBlock.atomicBlock" "readMemBlock" "readBlock" "readMemBlock.markedBlock" "readMemBlock" "FUN" "lapply" "readFormat.connection" "readFormat" "readFormat.character" "readFormat" "readDVI" "latexGrob" "grid.draw" "grid.latex" 
"c" "do.call" "flattenBlock.default" "FUN" "lapply" "do.call" "flattenFormat" "readFormat.connection" "readFormat" "readFormat.character" "readFormat" "readDVI" "latexGrob" "grid.draw" "grid.latex" 
"seek" "readFormat.connection" "readFormat" "readFormat.character" "readFormat" "readDVI" "latexGrob" "grid.draw" "grid.latex" 
"readMemBlock" "FUN" "lapply" "readFormat.connection" "readFormat" "readFormat.character" "readFormat" "readDVI" "latexGrob" "grid.draw" "grid.latex" 
"readFormat.connection" "readFormat" "readFormat.character" "readFormat" "readDVI" "latexGrob" "grid.draw" "grid.latex" 
"readFormat.connection" "readFormat" "readFormat.character" "readFormat" "readDVI" "latexGrob" "grid.draw" "grid.latex" 
"readFormat.connection" "readFormat" "readFormat.character" "readFormat" "readDVI" "latexGrob" "grid.draw" "grid.latex" 
"c" "readMemBlock.markedBlock" "readMemBlock" "FUN" "lapply" "readFormat.connection" "readFormat" "readFormat.character" "readFormat" "readDVI" "latexGrob" "grid.draw" "grid.latex" 
"file" "readFormat.character" "readFormat" "readDVI" "latexGrob" "grid.draw" "grid.latex" 
"::" "block$switch" "readMemBlock.markedBlock" "readMemBlock" "FUN" "lapply" "readFormat.connection" "readFormat" "readFormat.character" "readFormat" "readDVI" "latexGrob" "grid.draw" "grid.latex" 
"pmatch" "seek.connection" "seek" "readFormat.connection" "readFormat" "readFormat.character" "readFormat" "readDVI" "latexGrob" "grid.draw" "grid.latex" 
"scan" "read.table" "utils::read.csv" "extrafont::fonttable" "luaFontInfo" "engine$fontDef" "<Anonymous>" "FUN" "lapply" "dviFonts.DVI" "dviFonts" "dviGrob.DVI" "dviGrob" "latexGrob" "grid.draw" "grid.latex" 
"readLines" "luaDefinePDFFont" "engine$fontDef" "<Anonymous>" "FUN" "lapply" "dviFonts.DVI" "dviFonts" "dviGrob.DVI" "dviGrob" "latexGrob" "grid.draw" "grid.latex" 
"readLines" "fontEnc" "luaDefinePDFFont" "engine$fontDef" "<Anonymous>" "FUN" "lapply" "dviFonts.DVI" "dviFonts" "dviGrob.DVI" "dviGrob" "latexGrob" "grid.draw" "grid.latex" 
"grep" "fontEnc" "luaDefinePDFFont" "engine$fontDef" "<Anonymous>" "FUN" "lapply" "dviFonts.DVI" "dviFonts" "dviGrob.DVI" "dviGrob" "latexGrob" "grid.draw" "grid.latex" 
"strsplit" "lapply" "fontEnc" "luaDefinePDFFont" "engine$fontDef" "<Anonymous>" "FUN" "lapply" "dviFonts.DVI" "dviFonts" "dviGrob.DVI" "dviGrob" "latexGrob" "grid.draw" "grid.latex" 
"strsplit" "lapply" "fontEnc" "luaDefinePDFFont" "engine$fontDef" "<Anonymous>" "FUN" "lapply" "dviFonts.DVI" "dviFonts" "dviGrob.DVI" "dviGrob" "latexGrob" "grid.draw" "grid.latex" 
"$" "blockValue" "FUN" "lapply" "dviFonts.DVI" "dviFonts" "dviGrob.DVI" "dviGrob" "latexGrob" "grid.draw" "grid.latex" 
"delayedAssign" "findCenvVar" "findLocVar" "cmpCall" "cmp" "cmpPrim2" "h" "tryInline" "cmpCall" "cmp" "cmpSymbolAssign" "h" "tryInline" "cmpCall" "cmp" "h" "tryInline" "cmpCall" "cmp" "genCode" "cmpfun" "doTryCatch" "tryCatchOne" "tryCatchList" "tryCatch" "compiler:::tryCmpfun" "<Anonymous>" "FUN" "lapply" "dviFonts.DVI" "dviFonts" "dviGrob.DVI" "dviGrob" "latexGrob" "grid.draw" "grid.latex" 
"match.arg" "type.convert" "read.table" "utils::read.csv" "extrafont::fonttable" "luaFontInfo" "engine$fontDef" "<Anonymous>" "FUN" "lapply" "dviFonts.DVI" "dviFonts" "dviGrob.DVI" "dviGrob" "latexGrob" "grid.draw" "grid.latex" 
"grep" "is.ddsym" "cmpSym" "cmp" "genCode" "cb$putconst" "cmpCallArgs" "cmpCallSymFun" "cmpCall" "cmp" "cmpSymbolAssign" "h" "tryInline" "cmpCall" "cmp" "h" "tryInline" "cmpCall" "cmp" "h" "tryInline" "cmpCall" "cmp" "h" "tryInline" "cmpCall" "cmp" "genCode" "cmpfun" "doTryCatch" "tryCatchOne" "tryCatchList" "tryCatch" "compiler:::tryCmpfun" "luaDefinePDFFont" "engine$fontDef" "<Anonymous>" "FUN" "lapply" "dviFonts.DVI" "dviFonts" "dviGrob.DVI" "dviGrob" "latexGrob" "grid.draw" "grid.latex" 
"readLines" "luaDefinePDFFont" "engine$fontDef" "<Anonymous>" "FUN" "lapply" "dviFonts.DVI" "dviFonts" "dviGrob.DVI" "dviGrob" "latexGrob" "grid.draw" "grid.latex" 
"cb$putcode" "cmpSymbolAssign" "h" "tryInline" "cmpCall" "cmp" "h" "tryInline" "cmpCall" "cmp" "genCode" "cmpfun" "doTryCatch" "tryCatchOne" "tryCatchList" "tryCatch" "compiler:::tryCmpfun" "fontEnc" "luaDefinePDFFont" "engine$fontDef" "<Anonymous>" "FUN" "lapply" "dviFonts.DVI" "dviFonts" "dviGrob.DVI" "dviGrob" "latexGrob" "grid.draw" "grid.latex" 
"readLines" "fontEnc" "luaDefinePDFFont" "engine$fontDef" "<Anonymous>" "FUN" "lapply" "dviFonts.DVI" "dviFonts" "dviGrob.DVI" "dviGrob" "latexGrob" "grid.draw" "grid.latex" 
"strsplit" "lapply" "fontEnc" "luaDefinePDFFont" "engine$fontDef" "<Anonymous>" "FUN" "lapply" "dviFonts.DVI" "dviFonts" "dviGrob.DVI" "dviGrob" "latexGrob" "grid.draw" "grid.latex" 
"strsplit" "lapply" "fontEnc" "luaDefinePDFFont" "engine$fontDef" "<Anonymous>" "FUN" "lapply" "dviFonts.DVI" "dviFonts" "dviGrob.DVI" "dviGrob" "latexGrob" "grid.draw" "grid.latex" 
"writeLines" "fontEnc" "luaDefinePDFFont" "engine$fontDef" "<Anonymous>" "FUN" "lapply" "dviFonts.DVI" "dviFonts" "dviGrob.DVI" "dviGrob" "latexGrob" "grid.draw" "grid.latex" 
"scan" "read.table" "utils::read.csv" "extrafont::fonttable" "luaFontInfo" "engine$fontDef" "<Anonymous>" "FUN" "lapply" "dviMetric" "dviGrob.DVI" "dviGrob" "latexGrob" "grid.draw" "grid.latex" 
"readLines" "luaDefinePDFFont" "engine$fontDef" "<Anonymous>" "FUN" "lapply" "dviMetric" "dviGrob.DVI" "dviGrob" "latexGrob" "grid.draw" "grid.latex" 
"readLines" "fontEnc" "luaDefinePDFFont" "engine$fontDef" "<Anonymous>" "FUN" "lapply" "dviMetric" "dviGrob.DVI" "dviGrob" "latexGrob" "grid.draw" "grid.latex" 
"strsplit" "lapply" "fontEnc" "luaDefinePDFFont" "engine$fontDef" "<Anonymous>" "FUN" "lapply" "dviMetric" "dviGrob.DVI" "dviGrob" "latexGrob" "grid.draw" "grid.latex" 
"strsplit" "lapply" "fontEnc" "luaDefinePDFFont" "engine$fontDef" "<Anonymous>" "FUN" "lapply" "dviMetric" "dviGrob.DVI" "dviGrob" "latexGrob" "grid.draw" "grid.latex" 
".Call" "reinit_" "fontconfig_reinit" "addFontConfig" "fontFamily" "op_set_char" "<Anonymous>" "FUN" "lapply" "dviMetric" "dviGrob.DVI" "dviGrob" "latexGrob" "grid.draw" "grid.latex" 
".Call" "reinit_" "fontconfig_reinit" "addFontConfig" "fontFamily" "op_set_char" "<Anonymous>" "FUN" "lapply" "dviMetric" "dviGrob.DVI" "dviGrob" "latexGrob" "grid.draw" "grid.latex" 
".Call" "doc_parse_file" "read_xml.character" "read_xml" "getTTX" "ttxCharWidth" "engine$charMetric" "assign" "set" "op_set_char" "<Anonymous>" "FUN" "lapply" "dviMetric" "dviGrob.DVI" "dviGrob" "latexGrob" "grid.draw" "grid.latex" 
"lazyLoadDBfetch" "base::get" "FUN" "lapply" "dviMetric" "dviGrob.DVI" "dviGrob" "latexGrob" "grid.draw" "grid.latex" 
"grep" "is.ddsym" "cmpSym" "cmp" "cmpSubsetDispatch" "h" "tryInline" "cmpCall" "cmp" "h" "tryInline" "cmpCall" "cmp" "genCode" "cb$putconst" "cmpCallArgs" "cmpCallSymFun" "cmpCall" "cmp" "genCode" "cb$putconst" "cmpCallArgs" "cmpCallSymFun" "cmpCall" "cmp" "cmpSymbolAssign" "h" "tryInline" "cmpCall" "cmp" "h" "tryInline" "cmpCall" "cmp" "genCode" "cmpfun" "doTryCatch" "tryCatchOne" "tryCatchList" "tryCatch" "compiler:::tryCmpfun" "op_set_char" "<Anonymous>" "FUN" "lapply" "dviMetric" "dviGrob.DVI" "dviGrob" "latexGrob" "grid.draw" "grid.latex" 
"tryCatch" "checkCall" "cmpCall" "cmp" "h" "tryInline" "cmpCall" "cmp" "h" "tryInline" "cmpCall" "cmp" "h" "tryInline" "cmpCall" "cmp" "genCode" "cmpfun" "doTryCatch" "tryCatchOne" "tryCatchList" "tryCatch" "compiler:::tryCmpfun" "addFontConfig" "fontFamily" "op_set_char" "<Anonymous>" "FUN" "lapply" "dviMetric" "dviGrob.DVI" "dviGrob" "latexGrob" "grid.draw" "grid.latex" 
"cb$putcode" "cmpSym" "cmp" "genCode" "cb$putconst" "cmpCallArgs" "cmpCallSymFun" "cmpCall" "cmp" "genCode" "cb$putconst" "cmpCallArgs" "cmpCallSymFun" "cmpCall" "cmp" "cmpSymbolAssign" "h" "tryInline" "cmpCall" "cmp" "h" "tryInline" "cmpCall" "cmp" "genCode" "cmpfun" "doTryCatch" "tryCatchOne" "tryCatchList" "tryCatch" "compiler:::tryCmpfun" "ttxCharWidth" "engine$charMetric" "assign" "set" "op_set_char" "<Anonymous>" "FUN" "lapply" "dviMetric" "dviGrob.DVI" "dviGrob" "latexGrob" "grid.draw" "grid.latex" 
"lazyLoadDBfetch" "h" "tryInline" "cmpCall" "cmp" "h" "tryInline" "cmpCall" "cmp" "genCode" "cmpfun" "doTryCatch" "tryCatchOne" "tryCatchList" "tryCatch" "compiler:::tryCmpfun" "widthFromGlyphName" "ttxCharWidth" "engine$charMetric" "assign" "set" "op_set_char" "<Anonymous>" "FUN" "lapply" "dviMetric" "dviGrob.DVI" "dviGrob" "latexGrob" "grid.draw" "grid.latex" 
"==" "getGlyphName" "ttxCharWidth" "engine$charMetric" "assign" "set" "op_set_char" "<Anonymous>" "FUN" "lapply" "dviMetric" "dviGrob.DVI" "dviGrob" "latexGrob" "grid.draw" "grid.latex" 
"%in%" "findLocalsList" "funEnv" "make.functionContext" "cmpfun" "doTryCatch" "tryCatchOne" "tryCatchList" "tryCatch" "compiler:::tryCmpfun" "<Anonymous>" "FUN" "lapply" "dviMetric" "dviGrob.DVI" "dviGrob" "latexGrob" "grid.draw" "grid.latex" 
"gsub" "ttxCharWidth" "engine$charMetric" "assign" "set" "op_set_char" "<Anonymous>" "FUN" "lapply" "dviMetric" "dviGrob.DVI" "dviGrob" "latexGrob" "grid.draw" "grid.latex" 
".Call" "xpath_search" "xml_find_first.xml_node" "xml_find_first" "widthFromGlyphName" "ttxCharWidth" "engine$charMetric" "assign" "set" "op_set_char" "<Anonymous>" "FUN" "lapply" "dviMetric" "dviGrob.DVI" "dviGrob" "latexGrob" "grid.draw" "grid.latex" 
"textGrob" "op_set_char" "<Anonymous>" "FUN" "lapply" "dviMetric" "dviGrob.DVI" "dviGrob" "latexGrob" "grid.draw" "grid.latex" 
".Call" "xpath_search" "xml_find_first.xml_node" "xml_find_first" "widthFromGlyphName" "ttxCharWidth" "engine$charMetric" "assign" "set" "op_set_char" "<Anonymous>" "FUN" "lapply" "dviMetric" "dviGrob.DVI" "dviGrob" "latexGrob" "grid.draw" "grid.latex" 
".Call" "xpath_search" "xml_find_first.xml_node" "xml_find_first" "widthFromGlyphName" "ttxCharWidth" "engine$charMetric" "assign" "set" "op_set_char" "<Anonymous>" "FUN" "lapply" "dviMetric" "dviGrob.DVI" "dviGrob" "latexGrob" "grid.draw" "grid.latex" 
".Call" "xpath_search" "xml_find_first.xml_node" "xml_find_first" "widthFromGlyphName" "ttxCharWidth" "engine$charMetric" "assign" "set" "op_set_char" "<Anonymous>" "FUN" "lapply" "dviMetric" "dviGrob.DVI" "dviGrob" "latexGrob" "grid.draw" "grid.latex" 
"ttxCharWidth" "engine$charMetric" "assign" "set" "op_set_char" "<Anonymous>" "FUN" "lapply" "dviMetric" "dviGrob.DVI" "dviGrob" "latexGrob" "grid.draw" "grid.latex" 
".Call" "doc_parse_file" "read_xml.character" "read_xml" "getTTX" "getGlyph" "subsetFont" "nonUNICODEchar" "engine$charEnc" "op_set" "<Anonymous>" "FUN" "lapply" "dviMetric" "dviGrob.DVI" "dviGrob" "latexGrob" "grid.draw" "grid.latex" 
".Call" "xpath_search" "xml_find_all.xml_node" "xml_find_all" "xml_text" "getGlyph" "subsetFont" "nonUNICODEchar" "engine$charEnc" "op_set" "<Anonymous>" "FUN" "lapply" "dviMetric" "dviGrob.DVI" "dviGrob" "latexGrob" "grid.draw" "grid.latex" 
".Call" "xpath_search" "xml_find_all.xml_node" "xml_find_all" "xml_text" "getGlyph" "subsetFont" "nonUNICODEchar" "engine$charEnc" "op_set" "<Anonymous>" "FUN" "lapply" "dviMetric" "dviGrob.DVI" "dviGrob" "latexGrob" "grid.draw" "grid.latex" 
".Call" "xpath_search" "xml_find_all.xml_node" "xml_find_all" "xml_text" "getGlyph" "subsetFont" "nonUNICODEchar" "engine$charEnc" "op_set" "<Anonymous>" "FUN" "lapply" "dviMetric" "dviGrob.DVI" "dviGrob" "latexGrob" "grid.draw" "grid.latex" 
"[[" "vapply" "xml_text.xml_nodeset" "xml_text" "getGlyph" "subsetFont" "nonUNICODEchar" "engine$charEnc" "op_set" "<Anonymous>" "FUN" "lapply" "dviMetric" "dviGrob.DVI" "dviGrob" "latexGrob" "grid.draw" "grid.latex" 
".Call" "node_text" "xml_text.xml_node" "FUN" "vapply" "xml_text.xml_nodeset" "xml_text" "getGlyph" "subsetFont" "nonUNICODEchar" "engine$charEnc" "op_set" "<Anonymous>" "FUN" "lapply" "dviMetric" "dviGrob.DVI" "dviGrob" "latexGrob" "grid.draw" "grid.latex" 
"system" "unwrapFont" "subsetFont" "nonUNICODEchar" "engine$charEnc" "op_set" "<Anonymous>" "FUN" "lapply" "dviMetric" "dviGrob.DVI" "dviGrob" "latexGrob" "grid.draw" "grid.latex" 
"!" "has_names" "create_node" "xml_add_sibling.xml_node" "xml_add_sibling" "addFontConfig" "fontFamily" "op_set" "<Anonymous>" "FUN" "lapply" "dviMetric" "dviGrob.DVI" "dviGrob" "latexGrob" "grid.draw" "grid.latex" 
".Call" "reinit_" "fontconfig_reinit" "addFontConfig" "fontFamily" "op_set" "<Anonymous>" "FUN" "lapply" "dviMetric" "dviGrob.DVI" "dviGrob" "latexGrob" "grid.draw" "grid.latex" 
".Call" "reinit_" "fontconfig_reinit" "addFontConfig" "fontFamily" "op_set" "<Anonymous>" "FUN" "lapply" "dviMetric" "dviGrob.DVI" "dviGrob" "latexGrob" "grid.draw" "grid.latex" 
".Call" "reinit_" "fontconfig_reinit" "addFontConfig" "fontFamily" "op_set" "<Anonymous>" "FUN" "lapply" "dviMetric" "dviGrob.DVI" "dviGrob" "latexGrob" "grid.draw" "grid.latex" 
".Call" "xpath_search" "xml_find_all.xml_node" "xml_find_all" "xml_text" "getGlyph" "getGlyphName" "ttxCharWidth" "engine$charMetric" "assign" "set" "op_set" "<Anonymous>" "FUN" "lapply" "dviMetric" "dviGrob.DVI" "dviGrob" "latexGrob" "grid.draw" "grid.latex" 
".Call" "xpath_search" "xml_find_all.xml_node" "xml_find_all" "xml_text" "getGlyph" "getGlyphName" "ttxCharWidth" "engine$charMetric" "assign" "set" "op_set" "<Anonymous>" "FUN" "lapply" "dviMetric" "dviGrob.DVI" "dviGrob" "latexGrob" "grid.draw" "grid.latex" 
".Call" "xpath_search" "xml_find_all.xml_node" "xml_find_all" "xml_text" "getGlyph" "getGlyphName" "ttxCharWidth" "engine$charMetric" "assign" "set" "op_set" "<Anonymous>" "FUN" "lapply" "dviMetric" "dviGrob.DVI" "dviGrob" "latexGrob" "grid.draw" "grid.latex" 
"[[" "vapply" "xml_text.xml_nodeset" "xml_text" "getGlyph" "getGlyphName" "ttxCharWidth" "engine$charMetric" "assign" "set" "op_set" "<Anonymous>" "FUN" "lapply" "dviMetric" "dviGrob.DVI" "dviGrob" "latexGrob" "grid.draw" "grid.latex" 
"FUN" "vapply" "xml_text.xml_nodeset" "xml_text" "getGlyph" "getGlyphName" "ttxCharWidth" "engine$charMetric" "assign" "set" "op_set" "<Anonymous>" "FUN" "lapply" "dviMetric" "dviGrob.DVI" "dviGrob" "latexGrob" "grid.draw" "grid.latex" 
"grid.Call" "ascentDetails.text" "<Anonymous>" "grid.Call" "convertUnit" "convertY" "ytoTeX" "<Anonymous>" "FUN" "lapply" "dviMetric" "dviGrob.DVI" "dviGrob" "latexGrob" "grid.draw" "grid.latex" 
"textGrob" "op_set_char" "<Anonymous>" "FUN" "lapply" "dviMetric" "dviGrob.DVI" "dviGrob" "latexGrob" "grid.draw" "grid.latex" 
"unique" "findLocalsList1" "FUN" "lapply" "unlist" "unique" "findLocalsList1" "FUN" "lapply" "unlist" "unique" "findLocalsList1" "FUN" "lapply" "unlist" "unique" "findLocalsList1" "FUN" "lapply" "unlist" "unique" "findLocalsList1" "FUN" "lapply" "unlist" "unique" "findLocalsList1" "findLocalsList" "funEnv" "make.functionContext" "cmpfun" "doTryCatch" "tryCatchOne" "tryCatchList" "tryCatch" "compiler:::tryCmpfun" "<Anonymous>" "FUN" "lapply" "dviMetric" "dviGrob.DVI" "dviGrob" "latexGrob" "grid.draw" "grid.latex" 
"cmpCall" "cmp" "genCode" "cb$putconst" "cmpCallArgs" "cmpCallSymFun" "cmpCall" "cmp" "cmpSymbolAssign" "h" "tryInline" "cmpCall" "cmp" "h" "tryInline" "cmpCall" "cmp" "genCode" "cmpfun" "doTryCatch" "tryCatchOne" "tryCatchList" "tryCatch" "compiler:::tryCmpfun" "op_set" "<Anonymous>" "FUN" "lapply" "dviMetric" "dviGrob.DVI" "dviGrob" "latexGrob" "grid.draw" "grid.latex" 
".Call" "xpath_search" "xml_find_all.xml_node" "xml_find_all" "xml_text" "getGlyph" "getGlyphName" "ttxCharWidth" "engine$charMetric" "assign" "set" "op_set" "<Anonymous>" "FUN" "lapply" "dviMetric" "dviGrob.DVI" "dviGrob" "latexGrob" "grid.draw" "grid.latex" 
".Call" "xpath_search" "xml_find_all.xml_node" "xml_find_all" "xml_text" "getGlyph" "getGlyphName" "ttxCharWidth" "engine$charMetric" "assign" "set" "op_set" "<Anonymous>" "FUN" "lapply" "dviMetric" "dviGrob.DVI" "dviGrob" "latexGrob" "grid.draw" "grid.latex" 
".Call" "xpath_search" "xml_find_all.xml_node" "xml_find_all" "xml_text" "getGlyph" "getGlyphName" "ttxCharWidth" "engine$charMetric" "assign" "set" "op_set" "<Anonymous>" "FUN" "lapply" "dviMetric" "dviGrob.DVI" "dviGrob" "latexGrob" "grid.draw" "grid.latex" 
".Call" "node_text" "xml_text.xml_node" "FUN" "vapply" "xml_text.xml_nodeset" "xml_text" "getGlyph" "getGlyphName" "ttxCharWidth" "engine$charMetric" "assign" "set" "op_set" "<Anonymous>" "FUN" "lapply" "dviMetric" "dviGrob.DVI" "dviGrob" "latexGrob" "grid.draw" "grid.latex" 
"[[" "vapply" "xml_text.xml_nodeset" "xml_text" "getGlyph" "getGlyphName" "ttxCharWidth" "engine$charMetric" "assign" "set" "op_set" "<Anonymous>" "FUN" "lapply" "dviMetric" "dviGrob.DVI" "dviGrob" "latexGrob" "grid.draw" "grid.latex" 
"structure" "valid.unit" "unit" "grobDescent.grob" "grobDescent" "is.unit" "convertUnit" "convertY" "ytoTeX" "<Anonymous>" "FUN" "lapply" "dviMetric" "dviGrob.DVI" "dviGrob" "latexGrob" "grid.draw" "grid.latex" 
".Call" "xpath_search" "xml_find_first.xml_node" "xml_find_first" "widthFromGlyphName" "ttxCharWidth" "engine$charMetric" "assign" "set" "op_set_char" "<Anonymous>" "FUN" "lapply" "dviMetric" "dviGrob.DVI" "dviGrob" "latexGrob" "grid.draw" "grid.latex" 
"<Anonymous>" "grid.Call" "convertUnit" "convertY" "ytoTeX" "<Anonymous>" "FUN" "lapply" "dviMetric" "dviGrob.DVI" "dviGrob" "latexGrob" "grid.draw" "grid.latex" 
".Call" "xpath_search" "xml_find_first.xml_node" "xml_find_first" "widthFromGlyphName" "ttxCharWidth" "engine$charMetric" "assign" "set" "op_set_char" "<Anonymous>" "FUN" "lapply" "dviMetric" "dviGrob.DVI" "dviGrob" "latexGrob" "grid.draw" "grid.latex" 
"parent.frame" "match.call" "stopifnot" "xml_ns.xml_document" "xml_ns" "xpath_search" "xml_find_first.xml_node" "xml_find_first" "widthFromGlyphName" "ttxCharWidth" "engine$charMetric" "assign" "set" "op_set_char" "<Anonymous>" "FUN" "lapply" "dviMetric" "dviGrob.DVI" "dviGrob" "latexGrob" "grid.draw" "grid.latex" 
".Call" "xpath_search" "xml_find_first.xml_node" "xml_find_first" "widthFromGlyphName" "ttxCharWidth" "engine$charMetric" "assign" "set" "op_set_char" "<Anonymous>" "FUN" "lapply" "dviMetric" "dviGrob.DVI" "dviGrob" "latexGrob" "grid.draw" "grid.latex" 
"structure" "valid.unit" "unit" "grobAscent.grob" "grobAscent" "is.unit" "convertUnit" "convertY" "ytoTeX" "<Anonymous>" "FUN" "lapply" "dviMetric" "dviGrob.DVI" "dviGrob" "latexGrob" "grid.draw" "grid.latex" 
".Call" "xpath_search" "xml_find_first.xml_node" "xml_find_first" "widthFromGlyphName" "ttxCharWidth" "engine$charMetric" "assign" "set" "op_set_char" "<Anonymous>" "FUN" "lapply" "dviMetric" "dviGrob.DVI" "dviGrob" "latexGrob" "grid.draw" "grid.latex" 
"grid.Call" "convertUnit" "convertY" "ytoTeX" "<Anonymous>" "FUN" "lapply" "dviMetric" "dviGrob.DVI" "dviGrob" "latexGrob" "grid.draw" "grid.latex" 
"all" "valid.data" "structure" "valid.unit" "unit" "ascentDetails.text" "<Anonymous>" "grid.Call" "convertUnit" "convertY" "ytoTeX" "<Anonymous>" "FUN" "lapply" "dviMetric" "dviGrob.DVI" "dviGrob" "latexGrob" "grid.draw" "grid.latex" 
".Call" "xpath_search" "xml_find_first.xml_node" "xml_find_first" "widthFromGlyphName" "ttxCharWidth" "engine$charMetric" "assign" "set" "op_set_char" "<Anonymous>" "FUN" "lapply" "dviMetric" "dviGrob.DVI" "dviGrob" "latexGrob" "grid.draw" "grid.latex" 
".Call" "xpath_search" "xml_find_all.xml_node" "xml_find_all" "xml_text" "getGlyph" "getGlyphName" "ttxCharWidth" "engine$charMetric" "assign" "set" "op_set" "<Anonymous>" "FUN" "lapply" "dviMetric" "dviGrob.DVI" "dviGrob" "latexGrob" "grid.draw" "grid.latex" 
".Call" "xpath_search" "xml_find_all.xml_node" "xml_find_all" "xml_text" "getGlyph" "getGlyphName" "ttxCharWidth" "engine$charMetric" "assign" "set" "op_set" "<Anonymous>" "FUN" "lapply" "dviMetric" "dviGrob.DVI" "dviGrob" "latexGrob" "grid.draw" "grid.latex" 
".Call" "node_text" "xml_text.xml_node" "FUN" "vapply" "xml_text.xml_nodeset" "xml_text" "getGlyph" "getGlyphName" "ttxCharWidth" "engine$charMetric" "assign" "set" "op_set" "<Anonymous>" "FUN" "lapply" "dviMetric" "dviGrob.DVI" "dviGrob" "latexGrob" "grid.draw" "grid.latex" 
"xml_text.xml_node" "FUN" "vapply" "xml_text.xml_nodeset" "xml_text" "getGlyph" "getGlyphName" "ttxCharWidth" "engine$charMetric" "assign" "set" "op_set" "<Anonymous>" "FUN" "lapply" "dviMetric" "dviGrob.DVI" "dviGrob" "latexGrob" "grid.draw" "grid.latex" 
"check.length" "numnotnull" "validGP" "gpar" "grob" "textGrob" "op_set_char" "<Anonymous>" "FUN" "lapply" "dviMetric" "dviGrob.DVI" "dviGrob" "latexGrob" "grid.draw" "grid.latex" 
".Call" "xpath_search" "xml_find_first.xml_node" "xml_find_first" "widthFromGlyphName" "ttxCharWidth" "engine$charMetric" "assign" "set" "op_set_char" "<Anonymous>" "FUN" "lapply" "dviMetric" "dviGrob.DVI" "dviGrob" "latexGrob" "grid.draw" "grid.latex" 
"sapply" "valid.data" "structure" "valid.unit" "unit" "grobAscent.grob" "grobAscent" "is.unit" "convertUnit" "convertY" "ytoTeX" "<Anonymous>" "FUN" "lapply" "dviMetric" "dviGrob.DVI" "dviGrob" "latexGrob" "grid.draw" "grid.latex" 
"grepl" "rawToUTF8" "engine$charEnc" "op_set_char" "<Anonymous>" "FUN" "lapply" "dviMetric" "dviGrob.DVI" "dviGrob" "latexGrob" "grid.draw" "grid.latex" 
".Call" "xpath_search" "xml_find_first.xml_node" "xml_find_first" "widthFromGlyphName" "ttxCharWidth" "engine$charMetric" "assign" "set" "op_set_char" "<Anonymous>" "FUN" "lapply" "dviMetric" "dviGrob.DVI" "dviGrob" "latexGrob" "grid.draw" "grid.latex" 
"numnotnull" "validGP" "gpar" "grob" "textGrob" "op_set_char" "<Anonymous>" "FUN" "lapply" "dviMetric" "dviGrob.DVI" "dviGrob" "latexGrob" "grid.draw" "grid.latex" 
".Call" "xpath_search" "xml_find_first.xml_node" "xml_find_first" "widthFromGlyphName" "ttxCharWidth" "engine$charMetric" "assign" "set" "op_set_char" "<Anonymous>" "FUN" "lapply" "dviMetric" "dviGrob.DVI" "dviGrob" "latexGrob" "grid.draw" "grid.latex" 
".Call" "xpath_search" "xml_find_first.xml_node" "xml_find_first" "widthFromGlyphName" "ttxCharWidth" "engine$charMetric" "assign" "set" "op_set" "<Anonymous>" "FUN" "lapply" "dviMetric" "dviGrob.DVI" "dviGrob" "latexGrob" "grid.draw" "grid.latex" 
"grid.Call" "ascentDetails.text" "<Anonymous>" "grid.Call" "convertUnit" "convertY" "ytoTeX" "<Anonymous>" "FUN" "lapply" "dviMetric" "dviGrob.DVI" "dviGrob" "latexGrob" "grid.draw" "grid.latex" 
".Call" "xpath_search" "xml_find_first.xml_node" "xml_find_first" "widthFromGlyphName" "ttxCharWidth" "engine$charMetric" "assign" "set" "op_set_char" "<Anonymous>" "FUN" "lapply" "dviMetric" "dviGrob.DVI" "dviGrob" "latexGrob" "grid.draw" "grid.latex" 
"match.fun" "lapply" "sapply" "valid.data" "structure" "valid.unit" "unit" "ascentDetails.text" "<Anonymous>" "grid.Call" "convertUnit" "convertY" "ytoTeX" "<Anonymous>" "FUN" "lapply" "dviMetric" "dviGrob.DVI" "dviGrob" "latexGrob" "grid.draw" "grid.latex" 
"$" "set.gpar" "pushvpgp" "preDraw.grob" "<Anonymous>" "grid.Call" "convertUnit" "convertY" "ytoTeX" "<Anonymous>" "FUN" "lapply" "dviMetric" "dviGrob.DVI" "dviGrob" "latexGrob" "grid.draw" "grid.latex" 
"xml_ns.xml_document" "xml_ns" "xpath_search" "xml_find_first.xml_node" "xml_find_first" "xml_text" "ttxCharWidth" "engine$charMetric" "assign" "set" "op_set_char" "<Anonymous>" "FUN" "lapply" "dviMetric" "dviGrob.DVI" "dviGrob" "latexGrob" "grid.draw" "grid.latex" 
".Call" "xpath_search" "xml_find_first.xml_node" "xml_find_first" "widthFromGlyphName" "ttxCharWidth" "engine$charMetric" "assign" "set" "op_set_char" "<Anonymous>" "FUN" "lapply" "dviMetric" "dviGrob.DVI" "dviGrob" "latexGrob" "grid.draw" "grid.latex" 
"descentDetails.text" "<Anonymous>" "grid.Call" "convertUnit" "convertY" "ytoTeX" "<Anonymous>" "FUN" "lapply" "dviMetric" "dviGrob.DVI" "dviGrob" "latexGrob" "grid.draw" "grid.latex" 
"get" "getExportedValue" "::" "get" "getTTX" "ttxCharWidth" "engine$charMetric" "assign" "set" "op_set_char" "<Anonymous>" "FUN" "lapply" "dviMetric" "dviGrob.DVI" "dviGrob" "latexGrob" "grid.draw" "grid.latex" 
".Call" "xpath_search" "xml_find_first.xml_node" "xml_find_first" "widthFromGlyphName" "ttxCharWidth" "engine$charMetric" "assign" "set" "op_set_char" "<Anonymous>" "FUN" "lapply" "dviMetric" "dviGrob.DVI" "dviGrob" "latexGrob" "grid.draw" "grid.latex" 
"is.unit" "validDetails.text" "validDetails" "validGrob.grob" "validGrob" "grob" "textGrob" "op_set_char" "<Anonymous>" "FUN" "lapply" "dviMetric" "dviGrob.DVI" "dviGrob" "latexGrob" "grid.draw" "grid.latex" 
".Call" "xpath_search" "xml_find_first.xml_node" "xml_find_first" "widthFromGlyphName" "ttxCharWidth" "engine$charMetric" "assign" "set" "op_set_char" "<Anonymous>" "FUN" "lapply" "dviMetric" "dviGrob.DVI" "dviGrob" "latexGrob" "grid.draw" "grid.latex" 
".Call" "xpath_search" "xml_find_first.xml_node" "xml_find_first" "widthFromGlyphName" "ttxCharWidth" "engine$charMetric" "assign" "set" "op_set_char" "<Anonymous>" "FUN" "lapply" "dviMetric" "dviGrob.DVI" "dviGrob" "latexGrob" "grid.draw" "grid.latex" 
"grepl" "cairoDevice" "getGlyphName" "ttxCharWidth" "engine$charMetric" "assign" "set" "op_set_char" "<Anonymous>" "FUN" "lapply" "dviMetric" "dviGrob.DVI" "dviGrob" "latexGrob" "grid.draw" "grid.latex" 
"as.character" "::" "get" "updateHoriz" "<Anonymous>" "FUN" "lapply" "dviMetric" "dviGrob.DVI" "dviGrob" "latexGrob" "grid.draw" "grid.latex" 
"set.gpar" "pushvpgp" "preDraw.grob" "<Anonymous>" "grid.Call" "convertUnit" "convertY" "ytoTeX" "<Anonymous>" "FUN" "lapply" "dviMetric" "dviGrob.DVI" "dviGrob" "latexGrob" "grid.draw" "grid.latex" 
".Call" "xpath_search" "xml_find_first.xml_node" "xml_find_first" "widthFromGlyphName" "ttxCharWidth" "engine$charMetric" "assign" "set" "op_set_char" "<Anonymous>" "FUN" "lapply" "dviMetric" "dviGrob.DVI" "dviGrob" "latexGrob" "grid.draw" "grid.latex" 
"base::get" "get" "op_set_char" "<Anonymous>" "FUN" "lapply" "dviMetric" "dviGrob.DVI" "dviGrob" "latexGrob" "grid.draw" "grid.latex" 
".Call" "xpath_search" "xml_find_first.xml_node" "xml_find_first" "widthFromGlyphName" "ttxCharWidth" "engine$charMetric" "assign" "set" "op_set_char" "<Anonymous>" "FUN" "lapply" "dviMetric" "dviGrob.DVI" "dviGrob" "latexGrob" "grid.draw" "grid.latex" 
".Call" "xpath_search" "xml_find_first.xml_node" "xml_find_first" "widthFromGlyphName" "ttxCharWidth" "engine$charMetric" "assign" "set" "op_set_char" "<Anonymous>" "FUN" "lapply" "dviMetric" "dviGrob.DVI" "dviGrob" "latexGrob" "grid.draw" "grid.latex" 
"isBaseNamespace" "getExportedValue" "::" "get" "ytoTeX" "<Anonymous>" "FUN" "lapply" "dviMetric" "dviGrob.DVI" "dviGrob" "latexGrob" "grid.draw" "grid.latex" 
".Call" "xpath_search" "xml_find_first.xml_node" "xml_find_first" "widthFromGlyphName" "ttxCharWidth" "engine$charMetric" "assign" "set" "op_set_char" "<Anonymous>" "FUN" "lapply" "dviMetric" "dviGrob.DVI" "dviGrob" "latexGrob" "grid.draw" "grid.latex" 
"get" "op_set_char" "<Anonymous>" "FUN" "lapply" "dviMetric" "dviGrob.DVI" "dviGrob" "latexGrob" "grid.draw" "grid.latex" 
"getNamespace" "asNamespace" "getExportedValue" "::" "get" "xtoTeX" "ttxCharWidth" "engine$charMetric" "assign" "set" "op_set_char" "<Anonymous>" "FUN" "lapply" "dviMetric" "dviGrob.DVI" "dviGrob" "latexGrob" "grid.draw" "grid.latex" 
".Call" "xpath_search" "xml_find_first.xml_node" "xml_find_first" "widthFromGlyphName" "ttxCharWidth" "engine$charMetric" "assign" "set" "op_set_char" "<Anonymous>" "FUN" "lapply" "dviMetric" "dviGrob.DVI" "dviGrob" "latexGrob" "grid.draw" "grid.latex" 
"asNamespace" "getExportedValue" "::" "get" "fromTeX" "unit" "op_set_char" "<Anonymous>" "FUN" "lapply" "dviMetric" "dviGrob.DVI" "dviGrob" "latexGrob" "grid.draw" "grid.latex" 
"getExportedValue" "::" "get" "updateHoriz" "<Anonymous>" "FUN" "lapply" "dviMetric" "dviGrob.DVI" "dviGrob" "latexGrob" "grid.draw" "grid.latex" 
".Call" "xpath_search" "xml_find_first.xml_node" "xml_find_first" "widthFromGlyphName" "ttxCharWidth" "engine$charMetric" "assign" "set" "op_set_char" "<Anonymous>" "FUN" "lapply" "dviMetric" "dviGrob.DVI" "dviGrob" "latexGrob" "grid.draw" "grid.latex" 
"asNamespace" "getExportedValue" "::" "get" "fromTeX" "unit" "op_set_char" "<Anonymous>" "FUN" "lapply" "dviMetric" "dviGrob.DVI" "dviGrob" "latexGrob" "grid.draw" "grid.latex" 
"grid.Call" "ascentDetails.text" "<Anonymous>" "grid.Call" "convertUnit" "convertY" "ytoTeX" "<Anonymous>" "FUN" "lapply" "dviMetric" "dviGrob.DVI" "dviGrob" "latexGrob" "grid.draw" "grid.latex" 
".Call" "xpath_search" "xml_find_first.xml_node" "xml_find_first" "widthFromGlyphName" "ttxCharWidth" "engine$charMetric" "assign" "set" "op_set_char" "<Anonymous>" "FUN" "lapply" "dviMetric" "dviGrob.DVI" "dviGrob" "latexGrob" "grid.draw" "grid.latex" 
"isBaseNamespace" "getExportedValue" "::" "get" "op_set_char" "<Anonymous>" "FUN" "lapply" "dviMetric" "dviGrob.DVI" "dviGrob" "latexGrob" "grid.draw" "grid.latex" 
"grid.Call" "convertUnit" "convertY" "ytoTeX" "<Anonymous>" "FUN" "lapply" "dviMetric" "dviGrob.DVI" "dviGrob" "latexGrob" "grid.draw" "grid.latex" 
".Call" "xpath_search" "xml_find_first.xml_node" "xml_find_first" "widthFromGlyphName" "ttxCharWidth" "engine$charMetric" "assign" "set" "op_set_char" "<Anonymous>" "FUN" "lapply" "dviMetric" "dviGrob.DVI" "dviGrob" "latexGrob" "grid.draw" "grid.latex" 
"getNamespace" "asNamespace" "getExportedValue" "::" "get" "xtoTeX" "ttxCharWidth" "engine$charMetric" "assign" "set" "op_set_char" "<Anonymous>" "FUN" "lapply" "dviMetric" "dviGrob.DVI" "dviGrob" "latexGrob" "grid.draw" "grid.latex" 
"validDetails.text" "validDetails" "validGrob.grob" "validGrob" "grob" "textGrob" "op_set_char" "<Anonymous>" "FUN" "lapply" "dviMetric" "dviGrob.DVI" "dviGrob" "latexGrob" "grid.draw" "grid.latex" 
".Call" "xpath_search" "xml_find_first.xml_node" "xml_find_first" "widthFromGlyphName" "ttxCharWidth" "engine$charMetric" "assign" "set" "op_set_char" "<Anonymous>" "FUN" "lapply" "dviMetric" "dviGrob.DVI" "dviGrob" "latexGrob" "grid.draw" "grid.latex" 
".Call" "xpath_search" "xml_find_first.xml_node" "xml_find_first" "widthFromGlyphName" "ttxCharWidth" "engine$charMetric" "assign" "set" "op_set_char" "<Anonymous>" "FUN" "lapply" "dviMetric" "dviGrob.DVI" "dviGrob" "latexGrob" "grid.draw" "grid.latex" 
"xpath_search" "xml_find_first.xml_node" "xml_find_first" "widthFromGlyphName" "ttxCharWidth" "engine$charMetric" "assign" "set" "op_set_char" "<Anonymous>" "FUN" "lapply" "dviMetric" "dviGrob.DVI" "dviGrob" "latexGrob" "grid.draw" "grid.latex" 
"lapply" "sapply" "valid.data" "structure" "valid.unit" "unit" "descentDetails.text" "<Anonymous>" "grid.Call" "convertUnit" "convertY" "ytoTeX" "<Anonymous>" "FUN" "lapply" "dviMetric" "dviGrob.DVI" "dviGrob" "latexGrob" "grid.draw" "grid.latex" 
".Call" "xpath_search" "xml_find_first.xml_node" "xml_find_first" "widthFromGlyphName" "ttxCharWidth" "engine$charMetric" "assign" "set" "op_set_char" "<Anonymous>" "FUN" "lapply" "dviMetric" "dviGrob.DVI" "dviGrob" "latexGrob" "grid.draw" "grid.latex" 
".Call" "xpath_search" "xml_find_first.xml_node" "xml_find_first" "widthFromGlyphName" "ttxCharWidth" "engine$charMetric" "assign" "set" "op_set_char" "<Anonymous>" "FUN" "lapply" "dviMetric" "dviGrob.DVI" "dviGrob" "latexGrob" "grid.draw" "grid.latex" 
"get" "fromTeX" "unit" "op_set_char" "<Anonymous>" "FUN" "lapply" "dviMetric" "dviGrob.DVI" "dviGrob" "latexGrob" "grid.draw" "grid.latex" 
".Call" "xpath_search" "xml_find_all.xml_node" "xml_find_all" "xml_text" "getGlyph" "getGlyphName" "ttxCharWidth" "engine$charMetric" "assign" "set" "op_set" "<Anonymous>" "FUN" "lapply" "dviMetric" "dviGrob.DVI" "dviGrob" "latexGrob" "grid.draw" "grid.latex" 
".Call" "xpath_search" "xml_find_all.xml_node" "xml_find_all" "xml_text" "getGlyph" "getGlyphName" "ttxCharWidth" "engine$charMetric" "assign" "set" "op_set" "<Anonymous>" "FUN" "lapply" "dviMetric" "dviGrob.DVI" "dviGrob" "latexGrob" "grid.draw" "grid.latex" 
".Call" "node_text" "xml_text.xml_node" "FUN" "vapply" "xml_text.xml_nodeset" "xml_text" "getGlyph" "getGlyphName" "ttxCharWidth" "engine$charMetric" "assign" "set" "op_set" "<Anonymous>" "FUN" "lapply" "dviMetric" "dviGrob.DVI" "dviGrob" "latexGrob" "grid.draw" "grid.latex" 
".Call" "node_text" "xml_text.xml_node" "FUN" "vapply" "xml_text.xml_nodeset" "xml_text" "getGlyph" "getGlyphName" "ttxCharWidth" "engine$charMetric" "assign" "set" "op_set" "<Anonymous>" "FUN" "lapply" "dviMetric" "dviGrob.DVI" "dviGrob" "latexGrob" "grid.draw" "grid.latex" 
"paste0" "xpath_search" "xml_find_first.xml_node" "xml_find_first" "widthFromGlyphName" "ttxCharWidth" "engine$charMetric" "assign" "set" "op_set_char" "<Anonymous>" "FUN" "lapply" "dviMetric" "dviGrob.DVI" "dviGrob" "latexGrob" "grid.draw" "grid.latex" 
"getExportedValue" "::" "get" "ytoTeX" "<Anonymous>" "FUN" "lapply" "dviMetric" "dviGrob.DVI" "dviGrob" "latexGrob" "grid.draw" "grid.latex" 
".Call" "xpath_search" "xml_find_first.xml_node" "xml_find_first" "widthFromGlyphName" "ttxCharWidth" "engine$charMetric" "assign" "set" "op_set_char" "<Anonymous>" "FUN" "lapply" "dviMetric" "dviGrob.DVI" "dviGrob" "latexGrob" "grid.draw" "grid.latex" 
".Call" "xpath_search" "xml_find_first.xml_node" "xml_find_first" "widthFromGlyphName" "ttxCharWidth" "engine$charMetric" "assign" "set" "op_set_char" "<Anonymous>" "FUN" "lapply" "dviMetric" "dviGrob.DVI" "dviGrob" "latexGrob" "grid.draw" "grid.latex" 
"sys.function" "match.call" "stopifnot" "xml_ns.xml_document" "xml_ns" "xpath_search" "xml_find_first.xml_node" "xml_find_first" "widthFromGlyphName" "ttxCharWidth" "engine$charMetric" "assign" "set" "op_set_char" "<Anonymous>" "FUN" "lapply" "dviMetric" "dviGrob.DVI" "dviGrob" "latexGrob" "grid.draw" "grid.latex" 
"grobDescent" "is.unit" "convertUnit" "convertY" "ytoTeX" "<Anonymous>" "FUN" "lapply" "dviMetric" "dviGrob.DVI" "dviGrob" "latexGrob" "grid.draw" "grid.latex" 
".Call" "xpath_search" "xml_find_first.xml_node" "xml_find_first" "widthFromGlyphName" "ttxCharWidth" "engine$charMetric" "assign" "set" "op_set_char" "<Anonymous>" "FUN" "lapply" "dviMetric" "dviGrob.DVI" "dviGrob" "latexGrob" "grid.draw" "grid.latex" 
".Call" "xpath_search" "xml_find_first.xml_node" "xml_find_first" "widthFromGlyphName" "ttxCharWidth" "engine$charMetric" "assign" "set" "op_set_char" "<Anonymous>" "FUN" "lapply" "dviMetric" "dviGrob.DVI" "dviGrob" "latexGrob" "grid.draw" "grid.latex" 
"grid.Call" "descentDetails.text" "<Anonymous>" "grid.Call" "convertUnit" "convertY" "ytoTeX" "<Anonymous>" "FUN" "lapply" "dviMetric" "dviGrob.DVI" "dviGrob" "latexGrob" "grid.draw" "grid.latex" 
".Call" "xpath_search" "xml_find_first.xml_node" "xml_find_first" "widthFromGlyphName" "ttxCharWidth" "engine$charMetric" "assign" "set" "op_set_char" "<Anonymous>" "FUN" "lapply" "dviMetric" "dviGrob.DVI" "dviGrob" "latexGrob" "grid.draw" "grid.latex" 
"get" "debugmove" "op_set_char" "<Anonymous>" "FUN" "lapply" "dviMetric" "dviGrob.DVI" "dviGrob" "latexGrob" "grid.draw" "grid.latex" 
"grepl" "ttxCharWidth" "engine$charMetric" "assign" "set" "op_set_char" "<Anonymous>" "FUN" "lapply" "dviMetric" "dviGrob.DVI" "dviGrob" "latexGrob" "grid.draw" "grid.latex" 
".Call" "xpath_search" "xml_find_first.xml_node" "xml_find_first" "widthFromGlyphName" "ttxCharWidth" "engine$charMetric" "assign" "set" "op_set_char" "<Anonymous>" "FUN" "lapply" "dviMetric" "dviGrob.DVI" "dviGrob" "latexGrob" "grid.draw" "grid.latex" 
"::" "get" "fromTeX" "unit" "op_set_char" "<Anonymous>" "FUN" "lapply" "dviMetric" "dviGrob.DVI" "dviGrob" "latexGrob" "grid.draw" "grid.latex" 
"set.gpar" "pushvpgp" "preDraw.grob" "<Anonymous>" "grid.Call" "convertUnit" "convertY" "ytoTeX" "<Anonymous>" "FUN" "lapply" "dviMetric" "dviGrob.DVI" "dviGrob" "latexGrob" "grid.draw" "grid.latex" 
"base::get" "get" "getTTX" "ttxCharWidth" "engine$charMetric" "assign" "set" "op_set_char" "<Anonymous>" "FUN" "lapply" "dviMetric" "dviGrob.DVI" "dviGrob" "latexGrob" "grid.draw" "grid.latex" 
".Call" "xpath_search" "xml_find_all.xml_node" "xml_find_all" "xml_text" "getGlyph" "getGlyphName" "ttxCharWidth" "engine$charMetric" "assign" "set" "op_set" "<Anonymous>" "FUN" "lapply" "dviMetric" "dviGrob.DVI" "dviGrob" "latexGrob" "grid.draw" "grid.latex" 
"node_text" "xml_text.xml_node" "FUN" "vapply" "xml_text.xml_nodeset" "xml_text" "getGlyph" "getGlyphName" "ttxCharWidth" "engine$charMetric" "assign" "set" "op_set" "<Anonymous>" "FUN" "lapply" "dviMetric" "dviGrob.DVI" "dviGrob" "latexGrob" "grid.draw" "grid.latex" 
"FUN" "vapply" "xml_text.xml_nodeset" "xml_text" "getGlyph" "getGlyphName" "ttxCharWidth" "engine$charMetric" "assign" "set" "op_set" "<Anonymous>" "FUN" "lapply" "dviMetric" "dviGrob.DVI" "dviGrob" "latexGrob" "grid.draw" "grid.latex" 
".Call" "xpath_search" "xml_find_first.xml_node" "xml_find_first" "widthFromGlyphName" "ttxCharWidth" "engine$charMetric" "assign" "set" "op_set_char" "<Anonymous>" "FUN" "lapply" "dviMetric" "dviGrob.DVI" "dviGrob" "latexGrob" "grid.draw" "grid.latex" 
".Call" "xpath_search" "xml_find_first.xml_node" "xml_find_first" "widthFromGlyphName" "ttxCharWidth" "engine$charMetric" "assign" "set" "op_set_char" "<Anonymous>" "FUN" "lapply" "dviMetric" "dviGrob.DVI" "dviGrob" "latexGrob" "grid.draw" "grid.latex" 
".Call" "xpath_search" "xml_find_first.xml_node" "xml_find_first" "widthFromGlyphName" "ttxCharWidth" "engine$charMetric" "assign" "set" "op_set_char" "<Anonymous>" "FUN" "lapply" "dviMetric" "dviGrob.DVI" "dviGrob" "latexGrob" "grid.draw" "grid.latex" 
"%in%" "grobUnit" "valid.data" "structure" "valid.unit" "unit" "op_set_char" "<Anonymous>" "FUN" "lapply" "dviMetric" "dviGrob.DVI" "dviGrob" "latexGrob" "grid.draw" "grid.latex" 
".Call" "xpath_search" "xml_find_first.xml_node" "xml_find_first" "widthFromGlyphName" "ttxCharWidth" "engine$charMetric" "assign" "set" "op_set_char" "<Anonymous>" "FUN" "lapply" "dviMetric" "dviGrob.DVI" "dviGrob" "latexGrob" "grid.draw" "grid.latex" 
".Call" "doc_namespaces" "xml_ns.xml_document" "xml_ns" "xpath_search" "xml_find_first.xml_node" "xml_find_first" "widthFromGlyphName" "ttxCharWidth" "engine$charMetric" "assign" "set" "op_set_char" "<Anonymous>" "FUN" "lapply" "dviMetric" "dviGrob.DVI" "dviGrob" "latexGrob" "grid.draw" "grid.latex" 
"structure" "valid.unit" "unit" "op_set_char" "<Anonymous>" "FUN" "lapply" "dviMetric" "dviGrob.DVI" "dviGrob" "latexGrob" "grid.draw" "grid.latex" 
".Call" "xpath_search" "xml_find_first.xml_node" "xml_find_first" "widthFromGlyphName" "ttxCharWidth" "engine$charMetric" "assign" "set" "op_set_char" "<Anonymous>" "FUN" "lapply" "dviMetric" "dviGrob.DVI" "dviGrob" "latexGrob" "grid.draw" "grid.latex" 
"ttxCharWidth" "engine$charMetric" "assign" "set" "op_set_char" "<Anonymous>" "FUN" "lapply" "dviMetric" "dviGrob.DVI" "dviGrob" "latexGrob" "grid.draw" "grid.latex" 
".Call" "xpath_search" "xml_find_first.xml_node" "xml_find_first" "widthFromGlyphName" "ttxCharWidth" "engine$charMetric" "assign" "set" "op_set_char" "<Anonymous>" "FUN" "lapply" "dviMetric" "dviGrob.DVI" "dviGrob" "latexGrob" "grid.draw" "grid.latex" 
".Call" "xpath_search" "xml_find_first.xml_node" "xml_find_first" "widthFromGlyphName" "ttxCharWidth" "engine$charMetric" "assign" "set" "op_set_char" "<Anonymous>" "FUN" "lapply" "dviMetric" "dviGrob.DVI" "dviGrob" "latexGrob" "grid.draw" "grid.latex" 
".Call" "xpath_search" "xml_find_first.xml_node" "xml_find_first" "widthFromGlyphName" "ttxCharWidth" "engine$charMetric" "assign" "set" "op_set_char" "<Anonymous>" "FUN" "lapply" "dviMetric" "dviGrob.DVI" "dviGrob" "latexGrob" "grid.draw" "grid.latex" 
"validDetails.text" "validDetails" "validGrob.grob" "validGrob" "grob" "textGrob" "op_set_char" "<Anonymous>" "FUN" "lapply" "dviMetric" "dviGrob.DVI" "dviGrob" "latexGrob" "grid.draw" "grid.latex" 
".Call" "xpath_search" "xml_find_first.xml_node" "xml_find_first" "widthFromGlyphName" "ttxCharWidth" "engine$charMetric" "assign" "set" "op_set_char" "<Anonymous>" "FUN" "lapply" "dviMetric" "dviGrob.DVI" "dviGrob" "latexGrob" "grid.draw" "grid.latex" 
".Call" "xpath_search" "xml_find_first.xml_node" "xml_find_first" "widthFromGlyphName" "ttxCharWidth" "engine$charMetric" "assign" "set" "op_set_char" "<Anonymous>" "FUN" "lapply" "dviMetric" "dviGrob.DVI" "dviGrob" "latexGrob" "grid.draw" "grid.latex" 
"toupper" "paste0" "getGlyphName" "ttxCharWidth" "engine$charMetric" "assign" "set" "op_set_char" "<Anonymous>" "FUN" "lapply" "dviMetric" "dviGrob.DVI" "dviGrob" "latexGrob" "grid.draw" "grid.latex" 
".Call" "xpath_search" "xml_find_all.xml_node" "xml_find_all" "xml_text" "getGlyph" "getGlyphName" "ttxCharWidth" "engine$charMetric" "assign" "set" "op_set" "<Anonymous>" "FUN" "lapply" "dviMetric" "dviGrob.DVI" "dviGrob" "latexGrob" "grid.draw" "grid.latex" 
".Call" "nodes_duplicated" "xml_nodeset" "xml_find_all.xml_node" "xml_find_all" "xml_text" "getGlyph" "getGlyphName" "ttxCharWidth" "engine$charMetric" "assign" "set" "op_set" "<Anonymous>" "FUN" "lapply" "dviMetric" "dviGrob.DVI" "dviGrob" "latexGrob" "grid.draw" "grid.latex" 
"vapply" "xml_text.xml_nodeset" "xml_text" "getGlyph" "getGlyphName" "ttxCharWidth" "engine$charMetric" "assign" "set" "op_set" "<Anonymous>" "FUN" "lapply" "dviMetric" "dviGrob.DVI" "dviGrob" "latexGrob" "grid.draw" "grid.latex" 
".Call" "xpath_search" "xml_find_first.xml_node" "xml_find_first" "widthFromGlyphName" "ttxCharWidth" "engine$charMetric" "assign" "set" "op_set_char" "<Anonymous>" "FUN" "lapply" "dviMetric" "dviGrob.DVI" "dviGrob" "latexGrob" "grid.draw" "grid.latex" 
".Call" "xpath_search" "xml_find_first.xml_node" "xml_find_first" "widthFromGlyphName" "ttxCharWidth" "engine$charMetric" "assign" "set" "op_set_char" "<Anonymous>" "FUN" "lapply" "dviMetric" "dviGrob.DVI" "dviGrob" "latexGrob" "grid.draw" "grid.latex" 
".Call" "xpath_search" "xml_find_first.xml_node" "xml_find_first" "xml_text" "ttxCharWidth" "engine$charMetric" "assign" "set" "op_set_char" "<Anonymous>" "FUN" "lapply" "dviMetric" "dviGrob.DVI" "dviGrob" "latexGrob" "grid.draw" "grid.latex" 
".Call" "xpath_search" "xml_find_first.xml_node" "xml_find_first" "widthFromGlyphName" "ttxCharWidth" "engine$charMetric" "assign" "set" "op_set_char" "<Anonymous>" "FUN" "lapply" "dviMetric" "dviGrob.DVI" "dviGrob" "latexGrob" "grid.draw" "grid.latex" 
".Call" "xpath_search" "xml_find_first.xml_node" "xml_find_first" "widthFromGlyphName" "ttxCharWidth" "engine$charMetric" "assign" "set" "op_set_char" "<Anonymous>" "FUN" "lapply" "dviMetric" "dviGrob.DVI" "dviGrob" "latexGrob" "grid.draw" "grid.latex" 
"::" "get" "op_set_char" "<Anonymous>" "FUN" "lapply" "dviMetric" "dviGrob.DVI" "dviGrob" "latexGrob" "grid.draw" "grid.latex" 
"dontCheck" "grid.Call" "convertUnit" "convertX" "xtoTeX" "ttxCharWidth" "engine$charMetric" "assign" "set" "op_set_char" "<Anonymous>" "FUN" "lapply" "dviMetric" "dviGrob.DVI" "dviGrob" "latexGrob" "grid.draw" "grid.latex" 
".Call" "xpath_search" "xml_find_all.xml_node" "xml_find_all" "xml_text" "getGlyph" "getGlyphName" "ttxCharWidth" "engine$charMetric" "assign" "set" "op_set" "<Anonymous>" "FUN" "lapply" "dviMetric" "dviGrob.DVI" "dviGrob" "latexGrob" "grid.draw" "grid.latex" 
".Call" "xpath_search" "xml_find_all.xml_node" "xml_find_all" "xml_text" "getGlyph" "getGlyphName" "ttxCharWidth" "engine$charMetric" "assign" "set" "op_set" "<Anonymous>" "FUN" "lapply" "dviMetric" "dviGrob.DVI" "dviGrob" "latexGrob" "grid.draw" "grid.latex" 
".Call" "node_text" "xml_text.xml_node" "FUN" "vapply" "xml_text.xml_nodeset" "xml_text" "getGlyph" "getGlyphName" "ttxCharWidth" "engine$charMetric" "assign" "set" "op_set" "<Anonymous>" "FUN" "lapply" "dviMetric" "dviGrob.DVI" "dviGrob" "latexGrob" "grid.draw" "grid.latex" 
".Call" "node_text" "xml_text.xml_node" "FUN" "vapply" "xml_text.xml_nodeset" "xml_text" "getGlyph" "getGlyphName" "ttxCharWidth" "engine$charMetric" "assign" "set" "op_set" "<Anonymous>" "FUN" "lapply" "dviMetric" "dviGrob.DVI" "dviGrob" "latexGrob" "grid.draw" "grid.latex" 
"rawToUTF8" "engine$charEnc" "op_set_char" "<Anonymous>" "FUN" "lapply" "dviMetric" "dviGrob.DVI" "dviGrob" "latexGrob" "grid.draw" "grid.latex" 
"asNamespace" "getExportedValue" "::" "get" "xtoTeX" "ttxCharWidth" "engine$charMetric" "assign" "set" "op_set_char" "<Anonymous>" "FUN" "lapply" "dviMetric" "dviGrob.DVI" "dviGrob" "latexGrob" "grid.draw" "grid.latex" 
"convertY" "ytoTeX" "<Anonymous>" "FUN" "lapply" "dviMetric" "dviGrob.DVI" "dviGrob" "latexGrob" "grid.draw" "grid.latex" 
".Call" "xpath_search" "xml_find_first.xml_node" "xml_find_first" "widthFromGlyphName" "ttxCharWidth" "engine$charMetric" "assign" "set" "op_set_char" "<Anonymous>" "FUN" "lapply" "dviMetric" "dviGrob.DVI" "dviGrob" "latexGrob" "grid.draw" "grid.latex" 
"readLines" "luaDefinePDFFont" "engine$fontDef" "<Anonymous>" "FUN" "lapply" "dviMetric" "dviGrob.DVI" "dviGrob" "latexGrob" "grid.draw" "grid.latex" 
"readLines" "luaDefinePDFFont" "engine$fontDef" "<Anonymous>" "FUN" "lapply" "dviMetric" "dviGrob.DVI" "dviGrob" "latexGrob" "grid.draw" "grid.latex" 
"readLines" "fontEnc" "luaDefinePDFFont" "engine$fontDef" "<Anonymous>" "FUN" "lapply" "dviMetric" "dviGrob.DVI" "dviGrob" "latexGrob" "grid.draw" "grid.latex" 
"fontEnc" "luaDefinePDFFont" "engine$fontDef" "<Anonymous>" "FUN" "lapply" "dviMetric" "dviGrob.DVI" "dviGrob" "latexGrob" "grid.draw" "grid.latex" 
"strsplit" "lapply" "fontEnc" "luaDefinePDFFont" "engine$fontDef" "<Anonymous>" "FUN" "lapply" "dviMetric" "dviGrob.DVI" "dviGrob" "latexGrob" "grid.draw" "grid.latex" 
"strsplit" "lapply" "fontEnc" "luaDefinePDFFont" "engine$fontDef" "<Anonymous>" "FUN" "lapply" "dviMetric" "dviGrob.DVI" "dviGrob" "latexGrob" "grid.draw" "grid.latex" 
"apply" "find.package" "system.file" "db_path" "file.path" "fontmap_path" "file.path" "fonttable_file" "read.table" "utils::read.csv" "extrafont::fonttable" "luaFontInfo" "engine$fontDef" "<Anonymous>" "FUN" "lapply" "dvigrid" "dviGrob.DVI" "dviGrob" "latexGrob" "grid.draw" "grid.latex" 
"readLines" "luaDefinePDFFont" "engine$fontDef" "<Anonymous>" "FUN" "lapply" "dvigrid" "dviGrob.DVI" "dviGrob" "latexGrob" "grid.draw" "grid.latex" 
"readLines" "luaDefinePDFFont" "engine$fontDef" "<Anonymous>" "FUN" "lapply" "dvigrid" "dviGrob.DVI" "dviGrob" "latexGrob" "grid.draw" "grid.latex" 
"readLines" "fontEnc" "luaDefinePDFFont" "engine$fontDef" "<Anonymous>" "FUN" "lapply" "dvigrid" "dviGrob.DVI" "dviGrob" "latexGrob" "grid.draw" "grid.latex" 
"strsplit" "lapply" "fontEnc" "luaDefinePDFFont" "engine$fontDef" "<Anonymous>" "FUN" "lapply" "dvigrid" "dviGrob.DVI" "dviGrob" "latexGrob" "grid.draw" "grid.latex" 
"strsplit" "lapply" "fontEnc" "luaDefinePDFFont" "engine$fontDef" "<Anonymous>" "FUN" "lapply" "dvigrid" "dviGrob.DVI" "dviGrob" "latexGrob" "grid.draw" "grid.latex" 
"FUN" "lapply" "fontEnc" "luaDefinePDFFont" "engine$fontDef" "<Anonymous>" "FUN" "lapply" "dvigrid" "dviGrob.DVI" "dviGrob" "latexGrob" "grid.draw" "grid.latex" 
".Call" "xpath_search" "xml_find_first.xml_node" "xml_find_first" "widthFromGlyphName" "ttxCharWidth" "engine$charMetric" "assign" "set" "<Anonymous>" "FUN" "lapply" "dvigrid" "dviGrob.DVI" "dviGrob" "latexGrob" "grid.draw" "grid.latex" 
".Call" "xpath_search" "xml_find_first.xml_node" "xml_find_first" "widthFromGlyphName" "ttxCharWidth" "engine$charMetric" "assign" "set" "<Anonymous>" "FUN" "lapply" "dvigrid" "dviGrob.DVI" "dviGrob" "latexGrob" "grid.draw" "grid.latex" 
".Call" "xpath_search" "xml_find_first.xml_node" "xml_find_first" "widthFromGlyphName" "ttxCharWidth" "engine$charMetric" "assign" "set" "<Anonymous>" "FUN" "lapply" "dvigrid" "dviGrob.DVI" "dviGrob" "latexGrob" "grid.draw" "grid.latex" 
"$" "validDetails.text" "validDetails" "validGrob.grob" "validGrob" "grob" "textGrob" "<Anonymous>" "FUN" "lapply" "dvigrid" "dviGrob.DVI" "dviGrob" "latexGrob" "grid.draw" "grid.latex" 
".Call" "xpath_search" "xml_find_first.xml_node" "xml_find_first" "widthFromGlyphName" "ttxCharWidth" "engine$charMetric" "assign" "set" "<Anonymous>" "FUN" "lapply" "dvigrid" "dviGrob.DVI" "dviGrob" "latexGrob" "grid.draw" "grid.latex" 
".Call" "xpath_search" "xml_find_first.xml_node" "xml_find_first" "widthFromGlyphName" "ttxCharWidth" "engine$charMetric" "assign" "set" "<Anonymous>" "FUN" "lapply" "dvigrid" "dviGrob.DVI" "dviGrob" "latexGrob" "grid.draw" "grid.latex" 
".Call" "xpath_search" "xml_find_first.xml_node" "xml_find_first" "widthFromGlyphName" "ttxCharWidth" "engine$charMetric" "assign" "set" "<Anonymous>" "FUN" "lapply" "dvigrid" "dviGrob.DVI" "dviGrob" "latexGrob" "grid.draw" "grid.latex" 
".Call" "xpath_search" "xml_find_first.xml_node" "xml_find_first" "widthFromGlyphName" "ttxCharWidth" "engine$charMetric" "assign" "set" "<Anonymous>" "FUN" "lapply" "dvigrid" "dviGrob.DVI" "dviGrob" "latexGrob" "grid.draw" "grid.latex" 
".Call" "xpath_search" "xml_find_all.xml_node" "xml_find_all" "xml_text" "getGlyph" "getGlyphName" "ttxCharWidth" "engine$charMetric" "assign" "set" "<Anonymous>" "FUN" "lapply" "dvigrid" "dviGrob.DVI" "dviGrob" "latexGrob" "grid.draw" "grid.latex" 
".Call" "xpath_search" "xml_find_all.xml_node" "xml_find_all" "xml_text" "getGlyph" "getGlyphName" "ttxCharWidth" "engine$charMetric" "assign" "set" "<Anonymous>" "FUN" "lapply" "dvigrid" "dviGrob.DVI" "dviGrob" "latexGrob" "grid.draw" "grid.latex" 
"vapply" "xml_text.xml_nodeset" "xml_text" "getGlyph" "getGlyphName" "ttxCharWidth" "engine$charMetric" "assign" "set" "<Anonymous>" "FUN" "lapply" "dvigrid" "dviGrob.DVI" "dviGrob" "latexGrob" "grid.draw" "grid.latex" 
".Call" "node_text" "xml_text.xml_node" "FUN" "vapply" "xml_text.xml_nodeset" "xml_text" "getGlyph" "getGlyphName" "ttxCharWidth" "engine$charMetric" "assign" "set" "<Anonymous>" "FUN" "lapply" "dvigrid" "dviGrob.DVI" "dviGrob" "latexGrob" "grid.draw" "grid.latex" 
".Call" "xpath_search" "xml_find_first.xml_node" "xml_find_first" "widthFromGlyphName" "ttxCharWidth" "engine$charMetric" "assign" "set" "<Anonymous>" "FUN" "lapply" "dvigrid" "dviGrob.DVI" "dviGrob" "latexGrob" "grid.draw" "grid.latex" 
"valid.charjust" "valid.just" "validDetails.text" "validDetails" "validGrob.grob" "validGrob" "grob" "textGrob" "<Anonymous>" "FUN" "lapply" "dvigrid" "dviGrob.DVI" "dviGrob" "latexGrob" "grid.draw" "grid.latex" 
".Call" "xpath_search" "xml_find_all.xml_node" "xml_find_all" "xml_text" "getGlyph" "getGlyphName" "ttxCharWidth" "engine$charMetric" "assign" "set" "<Anonymous>" "FUN" "lapply" "dvigrid" "dviGrob.DVI" "dviGrob" "latexGrob" "grid.draw" "grid.latex" 
".Call" "xpath_search" "xml_find_all.xml_node" "xml_find_all" "xml_text" "getGlyph" "getGlyphName" "ttxCharWidth" "engine$charMetric" "assign" "set" "<Anonymous>" "FUN" "lapply" "dvigrid" "dviGrob.DVI" "dviGrob" "latexGrob" "grid.draw" "grid.latex" 
"FUN" "vapply" "xml_text.xml_nodeset" "xml_text" "getGlyph" "getGlyphName" "ttxCharWidth" "engine$charMetric" "assign" "set" "<Anonymous>" "FUN" "lapply" "dvigrid" "dviGrob.DVI" "dviGrob" "latexGrob" "grid.draw" "grid.latex" 
"node_text" "xml_text.xml_node" "FUN" "vapply" "xml_text.xml_nodeset" "xml_text" "getGlyph" "getGlyphName" "ttxCharWidth" "engine$charMetric" "assign" "set" "<Anonymous>" "FUN" "lapply" "dvigrid" "dviGrob.DVI" "dviGrob" "latexGrob" "grid.draw" "grid.latex" 
"vapply" "xml_text.xml_nodeset" "xml_text" "getGlyph" "getGlyphName" "ttxCharWidth" "engine$charMetric" "assign" "set" "<Anonymous>" "FUN" "lapply" "dvigrid" "dviGrob.DVI" "dviGrob" "latexGrob" "grid.draw" "grid.latex" 
".Call" "xpath_search" "xml_find_first.xml_node" "xml_find_first" "widthFromGlyphName" "ttxCharWidth" "engine$charMetric" "assign" "set" "<Anonymous>" "FUN" "lapply" "dvigrid" "dviGrob.DVI" "dviGrob" "latexGrob" "grid.draw" "grid.latex" 
".Call" "xpath_search" "xml_find_first.xml_node" "xml_find_first" "widthFromGlyphName" "ttxCharWidth" "engine$charMetric" "assign" "set" "<Anonymous>" "FUN" "lapply" "dvigrid" "dviGrob.DVI" "dviGrob" "latexGrob" "grid.draw" "grid.latex" 
".Call" "xpath_search" "xml_find_first.xml_node" "xml_find_first" "widthFromGlyphName" "ttxCharWidth" "engine$charMetric" "assign" "set" "<Anonymous>" "FUN" "lapply" "dvigrid" "dviGrob.DVI" "dviGrob" "latexGrob" "grid.draw" "grid.latex" 
"grepl" "ttxCharWidth" "engine$charMetric" "assign" "set" "<Anonymous>" "FUN" "lapply" "dvigrid" "dviGrob.DVI" "dviGrob" "latexGrob" "grid.draw" "grid.latex" 
".Call" "xpath_search" "xml_find_first.xml_node" "xml_find_first" "xml_text" "ttxCharWidth" "engine$charMetric" "assign" "set" "<Anonymous>" "FUN" "lapply" "dvigrid" "dviGrob.DVI" "dviGrob" "latexGrob" "grid.draw" "grid.latex" 
".Call" "xpath_search" "xml_find_first.xml_node" "xml_find_first" "widthFromGlyphName" "ttxCharWidth" "engine$charMetric" "assign" "set" "<Anonymous>" "FUN" "lapply" "dvigrid" "dviGrob.DVI" "dviGrob" "latexGrob" "grid.draw" "grid.latex" 
"grepl" "ttxCharWidth" "engine$charMetric" "assign" "set" "<Anonymous>" "FUN" "lapply" "dvigrid" "dviGrob.DVI" "dviGrob" "latexGrob" "grid.draw" "grid.latex" 
".Call" "xpath_search" "xml_find_first.xml_node" "xml_find_first" "widthFromGlyphName" "ttxCharWidth" "engine$charMetric" "assign" "set" "<Anonymous>" "FUN" "lapply" "dvigrid" "dviGrob.DVI" "dviGrob" "latexGrob" "grid.draw" "grid.latex" 
".Call" "xpath_search" "xml_find_all.xml_node" "xml_find_all" "xml_text" "getGlyph" "getGlyphName" "ttxCharWidth" "engine$charMetric" "assign" "set" "<Anonymous>" "FUN" "lapply" "dvigrid" "dviGrob.DVI" "dviGrob" "latexGrob" "grid.draw" "grid.latex" 
".Call" "xpath_search" "xml_find_all.xml_node" "xml_find_all" "xml_text" "getGlyph" "getGlyphName" "ttxCharWidth" "engine$charMetric" "assign" "set" "<Anonymous>" "FUN" "lapply" "dvigrid" "dviGrob.DVI" "dviGrob" "latexGrob" "grid.draw" "grid.latex" 
".Call" "xpath_search" "xml_find_all.xml_node" "xml_find_all" "xml_text" "getGlyph" "getGlyphName" "ttxCharWidth" "engine$charMetric" "assign" "set" "<Anonymous>" "FUN" "lapply" "dvigrid" "dviGrob.DVI" "dviGrob" "latexGrob" "grid.draw" "grid.latex" 
".Call" "xpath_search" "xml_find_all.xml_node" "xml_find_all" "xml_text" "getGlyph" "getGlyphName" "ttxCharWidth" "engine$charMetric" "assign" "set" "<Anonymous>" "FUN" "lapply" "dvigrid" "dviGrob.DVI" "dviGrob" "latexGrob" "grid.draw" "grid.latex" 
".Call" "xpath_search" "xml_find_all.xml_node" "xml_find_all" "xml_text" "getGlyph" "getGlyphName" "ttxCharWidth" "engine$charMetric" "assign" "set" "<Anonymous>" "FUN" "lapply" "dvigrid" "dviGrob.DVI" "dviGrob" "latexGrob" "grid.draw" "grid.latex" 
".Call" "xpath_search" "xml_find_all.xml_node" "xml_find_all" "xml_text" "getGlyph" "getGlyphName" "ttxCharWidth" "engine$charMetric" "assign" "set" "<Anonymous>" "FUN" "lapply" "dvigrid" "dviGrob.DVI" "dviGrob" "latexGrob" "grid.draw" "grid.latex" 
"isTRUE" "xml_text.xml_node" "FUN" "vapply" "xml_text.xml_nodeset" "xml_text" "getGlyph" "getGlyphName" "ttxCharWidth" "engine$charMetric" "assign" "set" "<Anonymous>" "FUN" "lapply" "dvigrid" "dviGrob.DVI" "dviGrob" "latexGrob" "grid.draw" "grid.latex" 
".Call" "xpath_search" "xml_find_first.xml_node" "xml_find_first" "widthFromGlyphName" "ttxCharWidth" "engine$charMetric" "assign" "set" "<Anonymous>" "FUN" "lapply" "dvigrid" "dviGrob.DVI" "dviGrob" "latexGrob" "grid.draw" "grid.latex" 
".Call" "xpath_search" "xml_find_first.xml_node" "xml_find_first" "widthFromGlyphName" "ttxCharWidth" "engine$charMetric" "assign" "set" "<Anonymous>" "FUN" "lapply" "dvigrid" "dviGrob.DVI" "dviGrob" "latexGrob" "grid.draw" "grid.latex" 
"as.list" "lapply" "sapply" "valid.data" "structure" "valid.unit" "unit" "is.unit" "convertUnit" "convertX" "xtoTeX" "ttxCharWidth" "engine$charMetric" "assign" "set" "<Anonymous>" "FUN" "lapply" "dvigrid" "dviGrob.DVI" "dviGrob" "latexGrob" "grid.draw" "grid.latex" 
".Call" "xpath_search" "xml_find_first.xml_node" "xml_find_first" "widthFromGlyphName" "ttxCharWidth" "engine$charMetric" "assign" "set" "<Anonymous>" "FUN" "lapply" "dvigrid" "dviGrob.DVI" "dviGrob" "latexGrob" "grid.draw" "grid.latex" 
".Call" "xpath_search" "xml_find_first.xml_node" "xml_find_first" "widthFromGlyphName" "ttxCharWidth" "engine$charMetric" "assign" "set" "<Anonymous>" "FUN" "lapply" "dvigrid" "dviGrob.DVI" "dviGrob" "latexGrob" "grid.draw" "grid.latex" 
"length" "length" "xml_ns.xml_document" "xml_ns" "xpath_search" "xml_find_first.xml_node" "xml_find_first" "xml_text" "ttxCharWidth" "engine$charMetric" "assign" "set" "<Anonymous>" "FUN" "lapply" "dvigrid" "dviGrob.DVI" "dviGrob" "latexGrob" "grid.draw" "grid.latex" 
".Call" "xpath_search" "xml_find_first.xml_node" "xml_find_first" "widthFromGlyphName" "ttxCharWidth" "engine$charMetric" "assign" "set" "<Anonymous>" "FUN" "lapply" "dvigrid" "dviGrob.DVI" "dviGrob" "latexGrob" "grid.draw" "grid.latex" 
".Call" "xpath_search" "xml_find_first.xml_node" "xml_find_first" "widthFromGlyphName" "ttxCharWidth" "engine$charMetric" "assign" "set" "<Anonymous>" "FUN" "lapply" "dvigrid" "dviGrob.DVI" "dviGrob" "latexGrob" "grid.draw" "grid.latex" 
".Call" "xpath_search" "xml_find_first.xml_node" "xml_find_first" "widthFromGlyphName" "ttxCharWidth" "engine$charMetric" "assign" "set" "<Anonymous>" "FUN" "lapply" "dvigrid" "dviGrob.DVI" "dviGrob" "latexGrob" "grid.draw" "grid.latex" 
".Call" "xpath_search" "xml_find_first.xml_node" "xml_find_first" "widthFromGlyphName" "ttxCharWidth" "engine$charMetric" "assign" "set" "<Anonymous>" "FUN" "lapply" "dvigrid" "dviGrob.DVI" "dviGrob" "latexGrob" "grid.draw" "grid.latex" 
"blockValue" "FUN" "lapply" "dvigrid" "dviGrob.DVI" "dviGrob" "latexGrob" "grid.draw" "grid.latex" 
"ttxCharWidth" "engine$charMetric" "assign" "set" "<Anonymous>" "FUN" "lapply" "dvigrid" "dviGrob.DVI" "dviGrob" "latexGrob" "grid.draw" "grid.latex" 
".Call" "xpath_search" "xml_find_first.xml_node" "xml_find_first" "widthFromGlyphName" "ttxCharWidth" "engine$charMetric" "assign" "set" "<Anonymous>" "FUN" "lapply" "dvigrid" "dviGrob.DVI" "dviGrob" "latexGrob" "grid.draw" "grid.latex" 
"sys.call" "match.call" "stopifnot" "xml_ns.xml_document" "xml_ns" "xpath_search" "xml_find_first.xml_node" "xml_find_first" "widthFromGlyphName" "ttxCharWidth" "engine$charMetric" "assign" "set" "<Anonymous>" "FUN" "lapply" "dvigrid" "dviGrob.DVI" "dviGrob" "latexGrob" "grid.draw" "grid.latex" 
".Call" "xpath_search" "xml_find_first.xml_node" "xml_find_first" "widthFromGlyphName" "ttxCharWidth" "engine$charMetric" "assign" "set" "<Anonymous>" "FUN" "lapply" "dvigrid" "dviGrob.DVI" "dviGrob" "latexGrob" "grid.draw" "grid.latex" 
".Call" "xpath_search" "xml_find_first.xml_node" "xml_find_first" "widthFromGlyphName" "ttxCharWidth" "engine$charMetric" "assign" "set" "<Anonymous>" "FUN" "lapply" "dvigrid" "dviGrob.DVI" "dviGrob" "latexGrob" "grid.draw" "grid.latex" 
".Call" "doc_namespaces" "xml_ns.xml_document" "xml_ns" "xpath_search" "xml_find_first.xml_node" "xml_find_first" "widthFromGlyphName" "ttxCharWidth" "engine$charMetric" "assign" "set" "<Anonymous>" "FUN" "lapply" "dvigrid" "dviGrob.DVI" "dviGrob" "latexGrob" "grid.draw" "grid.latex" 
"isTRUE" "xml_text.xml_node" "xml_text" "widthFromGlyphName" "ttxCharWidth" "engine$charMetric" "assign" "set" "<Anonymous>" "FUN" "lapply" "dvigrid" "dviGrob.DVI" "dviGrob" "latexGrob" "grid.draw" "grid.latex" 
".Call" "xpath_search" "xml_find_first.xml_node" "xml_find_first" "widthFromGlyphName" "ttxCharWidth" "engine$charMetric" "assign" "set" "<Anonymous>" "FUN" "lapply" "dvigrid" "dviGrob.DVI" "dviGrob" "latexGrob" "grid.draw" "grid.latex" 
".Call" "xpath_search" "xml_find_first.xml_node" "xml_find_first" "widthFromGlyphName" "ttxCharWidth" "engine$charMetric" "assign" "set" "<Anonymous>" "FUN" "lapply" "dvigrid" "dviGrob.DVI" "dviGrob" "latexGrob" "grid.draw" "grid.latex" 
".Call" "xpath_search" "xml_find_first.xml_node" "xml_find_first" "widthFromGlyphName" "ttxCharWidth" "engine$charMetric" "assign" "set" "<Anonymous>" "FUN" "lapply" "dvigrid" "dviGrob.DVI" "dviGrob" "latexGrob" "grid.draw" "grid.latex" 
".Call" "xpath_search" "xml_find_first.xml_node" "xml_find_first" "widthFromGlyphName" "ttxCharWidth" "engine$charMetric" "assign" "set" "<Anonymous>" "FUN" "lapply" "dvigrid" "dviGrob.DVI" "dviGrob" "latexGrob" "grid.draw" "grid.latex" 
".Call" "xpath_search" "xml_find_first.xml_node" "xml_find_first" "widthFromGlyphName" "ttxCharWidth" "engine$charMetric" "assign" "set" "<Anonymous>" "FUN" "lapply" "dvigrid" "dviGrob.DVI" "dviGrob" "latexGrob" "grid.draw" "grid.latex" 
"getGlyphName" "ttxCharWidth" "engine$charMetric" "assign" "set" "<Anonymous>" "FUN" "lapply" "dvigrid" "dviGrob.DVI" "dviGrob" "latexGrob" "grid.draw" "grid.latex" 
".Call" "xpath_search" "xml_find_first.xml_node" "xml_find_first" "widthFromGlyphName" "ttxCharWidth" "engine$charMetric" "assign" "set" "<Anonymous>" "FUN" "lapply" "dvigrid" "dviGrob.DVI" "dviGrob" "latexGrob" "grid.draw" "grid.latex" 
".Call" "xpath_search" "xml_find_first.xml_node" "xml_find_first" "widthFromGlyphName" "ttxCharWidth" "engine$charMetric" "assign" "set" "<Anonymous>" "FUN" "lapply" "dvigrid" "dviGrob.DVI" "dviGrob" "latexGrob" "grid.draw" "grid.latex" 
".Call" "xpath_search" "xml_find_first.xml_node" "xml_find_first" "widthFromGlyphName" "ttxCharWidth" "engine$charMetric" "assign" "set" "<Anonymous>" "FUN" "lapply" "dvigrid" "dviGrob.DVI" "dviGrob" "latexGrob" "grid.draw" "grid.latex" 
"base::get" "get" "assign" "set" "<Anonymous>" "FUN" "lapply" "dvigrid" "dviGrob.DVI" "dviGrob" "latexGrob" "grid.draw" "grid.latex" 
"[[" "lapply" "dvigrid" "dviGrob.DVI" "dviGrob" "latexGrob" "grid.draw" "grid.latex" 
"grepl" "ttxCharWidth" "engine$charMetric" "assign" "set" "<Anonymous>" "FUN" "lapply" "dvigrid" "dviGrob.DVI" "dviGrob" "latexGrob" "grid.draw" "grid.latex" 
".Call" "xpath_search" "xml_find_first.xml_node" "xml_find_first" "widthFromGlyphName" "ttxCharWidth" "engine$charMetric" "assign" "set" "<Anonymous>" "FUN" "lapply" "dvigrid" "dviGrob.DVI" "dviGrob" "latexGrob" "grid.draw" "grid.latex" 
".Call" "xpath_search" "xml_find_first.xml_node" "xml_find_first" "widthFromGlyphName" "ttxCharWidth" "engine$charMetric" "assign" "set" "<Anonymous>" "FUN" "lapply" "dvigrid" "dviGrob.DVI" "dviGrob" "latexGrob" "grid.draw" "grid.latex" 
".Call" "xpath_search" "xml_find_first.xml_node" "xml_find_first" "widthFromGlyphName" "ttxCharWidth" "engine$charMetric" "assign" "set" "<Anonymous>" "FUN" "lapply" "dvigrid" "dviGrob.DVI" "dviGrob" "latexGrob" "grid.draw" "grid.latex" 
".Call" "xpath_search" "xml_find_first.xml_node" "xml_find_first" "widthFromGlyphName" "ttxCharWidth" "engine$charMetric" "assign" "set" "<Anonymous>" "FUN" "lapply" "dvigrid" "dviGrob.DVI" "dviGrob" "latexGrob" "grid.draw" "grid.latex" 
".Call" "xpath_search" "xml_find_first.xml_node" "xml_find_first" "widthFromGlyphName" "ttxCharWidth" "engine$charMetric" "assign" "set" "<Anonymous>" "FUN" "lapply" "dvigrid" "dviGrob.DVI" "dviGrob" "latexGrob" "grid.draw" "grid.latex" 
".Call" "xpath_search" "xml_find_first.xml_node" "xml_find_first" "widthFromGlyphName" "ttxCharWidth" "engine$charMetric" "assign" "set" "<Anonymous>" "FUN" "lapply" "dvigrid" "dviGrob.DVI" "dviGrob" "latexGrob" "grid.draw" "grid.latex" 
"$<-" "validDetails.text" "validDetails" "validGrob.grob" "validGrob" "grob" "textGrob" "<Anonymous>" "FUN" "lapply" "dvigrid" "dviGrob.DVI" "dviGrob" "latexGrob" "grid.draw" "grid.latex" 
".Call" "xpath_search" "xml_find_all.xml_node" "xml_find_all" "xml_text" "getGlyph" "getGlyphName" "ttxCharWidth" "engine$charMetric" "assign" "set" "<Anonymous>" "FUN" "lapply" "dvigrid" "dviGrob.DVI" "dviGrob" "latexGrob" "grid.draw" "grid.latex" 
".Call" "xpath_search" "xml_find_all.xml_node" "xml_find_all" "xml_text" "getGlyph" "getGlyphName" "ttxCharWidth" "engine$charMetric" "assign" "set" "<Anonymous>" "FUN" "lapply" "dvigrid" "dviGrob.DVI" "dviGrob" "latexGrob" "grid.draw" "grid.latex" 
".Call" "node_text" "xml_text.xml_node" "FUN" "vapply" "xml_text.xml_nodeset" "xml_text" "getGlyph" "getGlyphName" "ttxCharWidth" "engine$charMetric" "assign" "set" "<Anonymous>" "FUN" "lapply" "dvigrid" "dviGrob.DVI" "dviGrob" "latexGrob" "grid.draw" "grid.latex" 
".Call" "node_text" "xml_text.xml_node" "FUN" "vapply" "xml_text.xml_nodeset" "xml_text" "getGlyph" "getGlyphName" "ttxCharWidth" "engine$charMetric" "assign" "set" "<Anonymous>" "FUN" "lapply" "dvigrid" "dviGrob.DVI" "dviGrob" "latexGrob" "grid.draw" "grid.latex" 
".Call" "xpath_search" "xml_find_first.xml_node" "xml_find_first" "widthFromGlyphName" "ttxCharWidth" "engine$charMetric" "assign" "set" "<Anonymous>" "FUN" "lapply" "dvigrid" "dviGrob.DVI" "dviGrob" "latexGrob" "grid.draw" "grid.latex" 
".Call" "xpath_search" "xml_find_first.xml_node" "xml_find_first" "widthFromGlyphName" "ttxCharWidth" "engine$charMetric" "assign" "set" "<Anonymous>" "FUN" "lapply" "dvigrid" "dviGrob.DVI" "dviGrob" "latexGrob" "grid.draw" "grid.latex" 
".Call" "xpath_search" "xml_find_first.xml_node" "xml_find_first" "widthFromGlyphName" "ttxCharWidth" "engine$charMetric" "assign" "set" "<Anonymous>" "FUN" "lapply" "dvigrid" "dviGrob.DVI" "dviGrob" "latexGrob" "grid.draw" "grid.latex" 
"widthFromGlyphName" "ttxCharWidth" "engine$charMetric" "assign" "set" "<Anonymous>" "FUN" "lapply" "dvigrid" "dviGrob.DVI" "dviGrob" "latexGrob" "grid.draw" "grid.latex" 
".Call" "xpath_search" "xml_find_first.xml_node" "xml_find_first" "widthFromGlyphName" "ttxCharWidth" "engine$charMetric" "assign" "set" "<Anonymous>" "FUN" "lapply" "dvigrid" "dviGrob.DVI" "dviGrob" "latexGrob" "grid.draw" "grid.latex" 
"$" "validDetails.text" "validDetails" "validGrob.grob" "validGrob" "grob" "textGrob" "<Anonymous>" "FUN" "lapply" "dvigrid" "dviGrob.DVI" "dviGrob" "latexGrob" "grid.draw" "grid.latex" 
"==" "getGlyphName" "ttxCharWidth" "engine$charMetric" "assign" "set" "<Anonymous>" "FUN" "lapply" "dvigrid" "dviGrob.DVI" "dviGrob" "latexGrob" "grid.draw" "grid.latex" 
"xml_ns.xml_document" "xml_ns" "xpath_search" "xml_find_first.xml_node" "xml_find_first" "xml_text" "ttxCharWidth" "engine$charMetric" "assign" "set" "<Anonymous>" "FUN" "lapply" "dvigrid" "dviGrob.DVI" "dviGrob" "latexGrob" "grid.draw" "grid.latex" 
".Call" "xpath_search" "xml_find_first.xml_node" "xml_find_first" "widthFromGlyphName" "ttxCharWidth" "engine$charMetric" "assign" "set" "<Anonymous>" "FUN" "lapply" "dvigrid" "dviGrob.DVI" "dviGrob" "latexGrob" "grid.draw" "grid.latex" 
".Call" "xpath_search" "xml_find_first.xml_node" "xml_find_first" "widthFromGlyphName" "ttxCharWidth" "engine$charMetric" "assign" "set" "<Anonymous>" "FUN" "lapply" "dvigrid" "dviGrob.DVI" "dviGrob" "latexGrob" "grid.draw" "grid.latex" 
".Call" "xpath_search" "xml_find_first.xml_node" "xml_find_first" "widthFromGlyphName" "ttxCharWidth" "engine$charMetric" "assign" "set" "<Anonymous>" "FUN" "lapply" "dvigrid" "dviGrob.DVI" "dviGrob" "latexGrob" "grid.draw" "grid.latex" 
".Call" "xpath_search" "xml_find_first.xml_node" "xml_find_first" "widthFromGlyphName" "ttxCharWidth" "engine$charMetric" "assign" "set" "<Anonymous>" "FUN" "lapply" "dvigrid" "dviGrob.DVI" "dviGrob" "latexGrob" "grid.draw" "grid.latex" 
".Call" "xpath_search" "xml_find_all.xml_node" "xml_find_all" "xml_text" "getGlyph" "getGlyphName" "ttxCharWidth" "engine$charMetric" "assign" "set" "<Anonymous>" "FUN" "lapply" "dvigrid" "dviGrob.DVI" "dviGrob" "latexGrob" "grid.draw" "grid.latex" 
".Call" "xpath_search" "xml_find_all.xml_node" "xml_find_all" "xml_text" "getGlyph" "getGlyphName" "ttxCharWidth" "engine$charMetric" "assign" "set" "<Anonymous>" "FUN" "lapply" "dvigrid" "dviGrob.DVI" "dviGrob" "latexGrob" "grid.draw" "grid.latex" 
"node_text" "xml_text.xml_node" "FUN" "vapply" "xml_text.xml_nodeset" "xml_text" "getGlyph" "getGlyphName" "ttxCharWidth" "engine$charMetric" "assign" "set" "<Anonymous>" "FUN" "lapply" "dvigrid" "dviGrob.DVI" "dviGrob" "latexGrob" "grid.draw" "grid.latex" 
".Call" "xpath_search" "xml_find_first.xml_node" "xml_find_first" "widthFromGlyphName" "ttxCharWidth" "engine$charMetric" "assign" "set" "<Anonymous>" "FUN" "lapply" "dvigrid" "dviGrob.DVI" "dviGrob" "latexGrob" "grid.draw" "grid.latex" 
"grepl" "cairoDevice" "fontFamily" "<Anonymous>" "FUN" "lapply" "dvigrid" "dviGrob.DVI" "dviGrob" "latexGrob" "grid.draw" "grid.latex" 
".Call" "xpath_search" "xml_find_first.xml_node" "xml_find_first" "xml_text" "ttxCharWidth" "engine$charMetric" "assign" "set" "<Anonymous>" "FUN" "lapply" "dvigrid" "dviGrob.DVI" "dviGrob" "latexGrob" "grid.draw" "grid.latex" 
".Call" "xpath_search" "xml_find_first.xml_node" "xml_find_first" "widthFromGlyphName" "ttxCharWidth" "engine$charMetric" "assign" "set" "<Anonymous>" "FUN" "lapply" "dvigrid" "dviGrob.DVI" "dviGrob" "latexGrob" "grid.draw" "grid.latex" 
".Call" "xpath_search" "xml_find_first.xml_node" "xml_find_first" "widthFromGlyphName" "ttxCharWidth" "engine$charMetric" "assign" "set" "<Anonymous>" "FUN" "lapply" "dvigrid" "dviGrob.DVI" "dviGrob" "latexGrob" "grid.draw" "grid.latex" 
".Call" "xpath_search" "xml_find_first.xml_node" "xml_find_first" "widthFromGlyphName" "ttxCharWidth" "engine$charMetric" "assign" "set" "<Anonymous>" "FUN" "lapply" "dvigrid" "dviGrob.DVI" "dviGrob" "latexGrob" "grid.draw" "grid.latex" 
"grob" "textGrob" "<Anonymous>" "FUN" "lapply" "dvigrid" "dviGrob.DVI" "dviGrob" "latexGrob" "grid.draw" "grid.latex" 
"file.exists" "ttxCharWidth" "engine$charMetric" "assign" "set" "<Anonymous>" "FUN" "lapply" "dvigrid" "dviGrob.DVI" "dviGrob" "latexGrob" "grid.draw" "grid.latex" 
".Call" "xpath_search" "xml_find_first.xml_node" "xml_find_first" "widthFromGlyphName" "ttxCharWidth" "engine$charMetric" "assign" "set" "<Anonymous>" "FUN" "lapply" "dvigrid" "dviGrob.DVI" "dviGrob" "latexGrob" "grid.draw" "grid.latex" 
"$" "validDetails.text" "validDetails" "validGrob.grob" "validGrob" "grob" "textGrob" "<Anonymous>" "FUN" "lapply" "dvigrid" "dviGrob.DVI" "dviGrob" "latexGrob" "grid.draw" "grid.latex" 
".Call" "xpath_search" "xml_find_first.xml_node" "xml_find_first" "widthFromGlyphName" "ttxCharWidth" "engine$charMetric" "assign" "set" "<Anonymous>" "FUN" "lapply" "dvigrid" "dviGrob.DVI" "dviGrob" "latexGrob" "grid.draw" "grid.latex" 
".Call" "xpath_search" "xml_find_first.xml_node" "xml_find_first" "widthFromGlyphName" "ttxCharWidth" "engine$charMetric" "assign" "set" "<Anonymous>" "FUN" "lapply" "dvigrid" "dviGrob.DVI" "dviGrob" "latexGrob" "grid.draw" "grid.latex" 
".Call" "xpath_search" "xml_find_all.xml_node" "xml_find_all" "xml_text" "getGlyph" "getGlyphName" "ttxCharWidth" "engine$charMetric" "assign" "set" "<Anonymous>" "FUN" "lapply" "dvigrid" "dviGrob.DVI" "dviGrob" "latexGrob" "grid.draw" "grid.latex" 
".Call" "xpath_search" "xml_find_all.xml_node" "xml_find_all" "xml_text" "getGlyph" "getGlyphName" "ttxCharWidth" "engine$charMetric" "assign" "set" "<Anonymous>" "FUN" "lapply" "dvigrid" "dviGrob.DVI" "dviGrob" "latexGrob" "grid.draw" "grid.latex" 
".Call" "node_text" "xml_text.xml_node" "FUN" "vapply" "xml_text.xml_nodeset" "xml_text" "getGlyph" "getGlyphName" "ttxCharWidth" "engine$charMetric" "assign" "set" "<Anonymous>" "FUN" "lapply" "dvigrid" "dviGrob.DVI" "dviGrob" "latexGrob" "grid.draw" "grid.latex" 
".Call" "node_text" "xml_text.xml_node" "FUN" "vapply" "xml_text.xml_nodeset" "xml_text" "getGlyph" "getGlyphName" "ttxCharWidth" "engine$charMetric" "assign" "set" "<Anonymous>" "FUN" "lapply" "dvigrid" "dviGrob.DVI" "dviGrob" "latexGrob" "grid.draw" "grid.latex" 
"^" "xtoTeX" "ttxCharWidth" "engine$charMetric" "assign" "set" "<Anonymous>" "FUN" "lapply" "dvigrid" "dviGrob.DVI" "dviGrob" "latexGrob" "grid.draw" "grid.latex" 
"getNamespace" "asNamespace" "getExportedValue" "::" "get" "<Anonymous>" "FUN" "lapply" "dvigrid" "dviGrob.DVI" "dviGrob" "latexGrob" "grid.draw" "grid.latex" 
".Call" "xpath_search" "xml_find_first.xml_node" "xml_find_first" "widthFromGlyphName" "ttxCharWidth" "engine$charMetric" "assign" "set" "<Anonymous>" "FUN" "lapply" "dvigrid" "dviGrob.DVI" "dviGrob" "latexGrob" "grid.draw" "grid.latex" 
"grepl" "cairoDevice" "fontFamily" "<Anonymous>" "FUN" "lapply" "dvigrid" "dviGrob.DVI" "dviGrob" "latexGrob" "grid.draw" "grid.latex" 
"getNamespace" "asNamespace" "getExportedValue" "::" "get" "getTTX" "ttxCharWidth" "engine$charMetric" "assign" "set" "<Anonymous>" "FUN" "lapply" "dvigrid" "dviGrob.DVI" "dviGrob" "latexGrob" "grid.draw" "grid.latex" 
".Call" "xpath_search" "xml_find_all.xml_node" "xml_find_all" "xml_text" "getGlyph" "getGlyphName" "ttxCharWidth" "engine$charMetric" "assign" "set" "<Anonymous>" "FUN" "lapply" "dvigrid" "dviGrob.DVI" "dviGrob" "latexGrob" "grid.draw" "grid.latex" 
".Call" "xpath_search" "xml_find_all.xml_node" "xml_find_all" "xml_text" "getGlyph" "getGlyphName" "ttxCharWidth" "engine$charMetric" "assign" "set" "<Anonymous>" "FUN" "lapply" "dvigrid" "dviGrob.DVI" "dviGrob" "latexGrob" "grid.draw" "grid.latex" 
"vapply" "xml_text.xml_nodeset" "xml_text" "getGlyph" "getGlyphName" "ttxCharWidth" "engine$charMetric" "assign" "set" "<Anonymous>" "FUN" "lapply" "dvigrid" "dviGrob.DVI" "dviGrob" "latexGrob" "grid.draw" "grid.latex" 
"checkNA" "validGP" "gpar" "grob" "textGrob" "<Anonymous>" "FUN" "lapply" "dvigrid" "dviGrob.DVI" "dviGrob" "latexGrob" "grid.draw" "grid.latex" 
".Call" "doc_namespaces" "xml_ns.xml_document" "xml_ns" "xpath_search" "xml_find_first.xml_node" "xml_find_first" "widthFromGlyphName" "ttxCharWidth" "engine$charMetric" "assign" "set" "<Anonymous>" "FUN" "lapply" "dvigrid" "dviGrob.DVI" "dviGrob" "latexGrob" "grid.draw" "grid.latex" 
"getNamespace" "asNamespace" "getExportedValue" "::" "get" "fromTeX" "unit" "<Anonymous>" "FUN" "lapply" "dvigrid" "dviGrob.DVI" "dviGrob" "latexGrob" "grid.draw" "grid.latex" 
"readLines" "luaDefinePDFFont" "engine$fontDef" "<Anonymous>" "FUN" "lapply" "dvigrid" "dviGrob.DVI" "dviGrob" "latexGrob" "grid.draw" "grid.latex" 
"readLines" "luaDefinePDFFont" "engine$fontDef" "<Anonymous>" "FUN" "lapply" "dvigrid" "dviGrob.DVI" "dviGrob" "latexGrob" "grid.draw" "grid.latex" 
"readLines" "fontEnc" "luaDefinePDFFont" "engine$fontDef" "<Anonymous>" "FUN" "lapply" "dvigrid" "dviGrob.DVI" "dviGrob" "latexGrob" "grid.draw" "grid.latex" 
"readLines" "fontEnc" "luaDefinePDFFont" "engine$fontDef" "<Anonymous>" "FUN" "lapply" "dvigrid" "dviGrob.DVI" "dviGrob" "latexGrob" "grid.draw" "grid.latex" 
"strsplit" "lapply" "fontEnc" "luaDefinePDFFont" "engine$fontDef" "<Anonymous>" "FUN" "lapply" "dvigrid" "dviGrob.DVI" "dviGrob" "latexGrob" "grid.draw" "grid.latex" 
"strsplit" "lapply" "fontEnc" "luaDefinePDFFont" "engine$fontDef" "<Anonymous>" "FUN" "lapply" "dvigrid" "dviGrob.DVI" "dviGrob" "latexGrob" "grid.draw" "grid.latex" 
"lapply" "fontEnc" "luaDefinePDFFont" "engine$fontDef" "<Anonymous>" "FUN" "lapply" "dvigrid" "dviGrob.DVI" "dviGrob" "latexGrob" "grid.draw" "grid.latex" 
"grid.Call.graphics" "drawDetails.text" "drawDetails" "drawGrob" "recordGraphics" "grid.draw.grob" "grid.draw" "drawGTree" "recordGraphics" "grid.draw.gTree" "grid.draw" "grid.latex" 
"grid.draw.grob" "grid.draw" "drawGTree" "recordGraphics" "grid.draw.gTree" "grid.draw" "grid.latex" 
"grid.Call.graphics" "drawDetails.text" "drawDetails" "drawGrob" "recordGraphics" "grid.draw.grob" "grid.draw" "drawGTree" "recordGraphics" "grid.draw.gTree" "grid.draw" "grid.latex" 
"grid.Call.graphics" "drawDetails.text" "drawDetails" "drawGrob" "recordGraphics" "grid.draw.grob" "grid.draw" "drawGTree" "recordGraphics" "grid.draw.gTree" "grid.draw" "grid.latex" 
"valid.just" "resolveVJust" "grid.Call.graphics" "drawDetails.text" "drawDetails" "drawGrob" "recordGraphics" "grid.draw.grob" "grid.draw" "drawGTree" "recordGraphics" "grid.draw.gTree" "grid.draw" "grid.latex" 
"grid.Call.graphics" "drawDetails.text" "drawDetails" "drawGrob" "recordGraphics" "grid.draw.grob" "grid.draw" "drawGTree" "recordGraphics" "grid.draw.gTree" "grid.draw" "grid.latex" 
"set.gpar" "pushvpgp" "preDraw.grob" "preDraw" "drawGrob" "recordGraphics" "grid.draw.grob" "grid.draw" "drawGTree" "recordGraphics" "grid.draw.gTree" "grid.draw" "grid.latex" 
"grid.Call" "drawGrob" "recordGraphics" "grid.draw.grob" "grid.draw" "drawGTree" "recordGraphics" "grid.draw.gTree" "grid.draw" "grid.latex" 
"valid.charjust" "valid.just" "resolveHJust" "grid.Call.graphics" "drawDetails.text" "drawDetails" "drawGrob" "recordGraphics" "grid.draw.grob" "grid.draw" "drawGTree" "recordGraphics" "grid.draw.gTree" "grid.draw" "grid.latex" 
"preDrawDetails" "preDraw.grob" "preDraw" "drawGrob" "recordGraphics" "grid.draw.grob" "grid.draw" "drawGTree" "recordGraphics" "grid.draw.gTree" "grid.draw" "grid.latex" 
"grid.Call.graphics" "drawDetails.text" "drawDetails" "drawGrob" "recordGraphics" "grid.draw.grob" "grid.draw" "drawGTree" "recordGraphics" "grid.draw.gTree" "grid.draw" "grid.latex" 
"preDraw.grob" "preDraw" "drawGrob" "recordGraphics" "grid.draw.grob" "grid.draw" "drawGTree" "recordGraphics" "grid.draw.gTree" "grid.draw" "grid.latex" 
"grid.Call.graphics" "drawDetails.text" "drawDetails" "drawGrob" "recordGraphics" "grid.draw.grob" "grid.draw" "drawGTree" "recordGraphics" "grid.draw.gTree" "grid.draw" "grid.latex" 
"grid.draw" "drawGTree" "recordGraphics" "grid.draw.gTree" "grid.draw" "grid.latex" 
"grid.Call.graphics" "drawDetails.text" "drawDetails" "drawGrob" "recordGraphics" "grid.draw.grob" "grid.draw" "drawGTree" "recordGraphics" "grid.draw.gTree" "grid.draw" "grid.latex" 
"[[" "grid.draw" "drawGTree" "recordGraphics" "grid.draw.gTree" "grid.draw" "grid.latex" 
"grid.Call.graphics" "drawDetails.text" "drawDetails" "drawGrob" "recordGraphics" "grid.draw.grob" "grid.draw" "drawGTree" "recordGraphics" "grid.draw.gTree" "grid.draw" "grid.latex" 
"grid.Call.graphics" "drawDetails.text" "drawDetails" "drawGrob" "recordGraphics" "grid.draw.grob" "grid.draw" "drawGTree" "recordGraphics" "grid.draw.gTree" "grid.draw" "grid.latex" 
"%in%" "valid.charjust" "valid.just" "resolveHJust" "grid.Call.graphics" "drawDetails.text" "drawDetails" "drawGrob" "recordGraphics" "grid.draw.grob" "grid.draw" "drawGTree" "recordGraphics" "grid.draw.gTree" "grid.draw" "grid.latex" 
"grid.Call.graphics" "drawDetails.text" "drawDetails" "drawGrob" "recordGraphics" "grid.draw.grob" "grid.draw" "drawGTree" "recordGraphics" "grid.draw.gTree" "grid.draw" "grid.latex" 
"grid.Call.graphics" "drawDetails.text" "drawDetails" "drawGrob" "recordGraphics" "grid.draw.grob" "grid.draw" "drawGTree" "recordGraphics" "grid.draw.gTree" "grid.draw" "grid.latex" 
"%in%" "valid.charjust" "valid.just" "resolveHJust" "grid.Call.graphics" "drawDetails.text" "drawDetails" "drawGrob" "recordGraphics" "grid.draw.grob" "grid.draw" "drawGTree" "recordGraphics" "grid.draw.gTree" "grid.draw" "grid.latex" 
"grid.Call.graphics" "drawDetails.text" "drawDetails" "drawGrob" "recordGraphics" "grid.draw.grob" "grid.draw" "drawGTree" "recordGraphics" "grid.draw.gTree" "grid.draw" "grid.latex" 
"grid.Call.graphics" "drawDetails.text" "drawDetails" "drawGrob" "recordGraphics" "grid.draw.grob" "grid.draw" "drawGTree" "recordGraphics" "grid.draw.gTree" "grid.draw" "grid.latex" 
"valid.charjust" "valid.just" "resolveHJust" "grid.Call.graphics" "drawDetails.text" "drawDetails" "drawGrob" "recordGraphics" "grid.draw.grob" "grid.draw" "drawGTree" "recordGraphics" "grid.draw.gTree" "grid.draw" "grid.latex" 
"grid.Call.graphics" "drawDetails.text" "drawDetails" "drawGrob" "recordGraphics" "grid.draw.grob" "grid.draw" "drawGTree" "recordGraphics" "grid.draw.gTree" "grid.draw" "grid.latex" 
"$<-" "set.gpar" "pushvpgp" "preDraw.grob" "preDraw" "drawGrob" "recordGraphics" "grid.draw.grob" "grid.draw" "drawGTree" "recordGraphics" "grid.draw.gTree" "grid.draw" "grid.latex" 
"grid.Call.graphics" "drawDetails.text" "drawDetails" "drawGrob" "recordGraphics" "grid.draw.grob" "grid.draw" "drawGTree" "recordGraphics" "grid.draw.gTree" "grid.draw" "grid.latex" 
"grid.draw" "drawGTree" "recordGraphics" "grid.draw.gTree" "grid.draw" "grid.latex" 
"$<-" "set.gpar" "pushvpgp" "preDraw.grob" "preDraw" "drawGrob" "recordGraphics" "grid.draw.grob" "grid.draw" "drawGTree" "recordGraphics" "grid.draw.gTree" "grid.draw" "grid.latex" 
